#
# A fatal error has been detected by the Java Runtime Environment:
#
#  SIGBUS (0xa) at pc=0x00000001300014f0, pid=30941, tid=34055
#
# JRE version: OpenJDK Runtime Environment (18.0.2.1+1) (build 18.0.2.1+1-1)
# Java VM: OpenJDK 64-Bit Server VM (18.0.2.1+1-1, mixed mode, sharing, tiered, compressed oops, compressed class ptrs, g1 gc, bsd-aarch64)
# Problematic frame:
# v  ~StubRoutines::SafeFetchN
#
# No core dump will be written. Core dumps have been disabled. To enable core dumping, try "ulimit -c unlimited" before starting Java again
#
# If you would like to submit a bug report, please visit:
#   https://bugreport.java.com/bugreport/crash.jsp
# The crash happened outside the Java Virtual Machine in native code.
# See problematic frame for where to report the bug.
#

---------------  S U M M A R Y ------------

Command Line: -javaagent:/Applications/IntelliJ IDEA.app/Contents/lib/idea_rt.jar=56123:/Applications/IntelliJ IDEA.app/Contents/bin -Dfile.encoding=UTF-8 --module-path=/Users/madmax/.m2/repository/org/openjfx/javafx-base/18-ea+4/javafx-base-18-ea+4-mac-aarch64.jar:/Users/madmax/Documents/SpaceOrbit/target/classes:/Users/madmax/.m2/repository/org/openjfx/javafx-fxml/18-ea+4/javafx-fxml-18-ea+4-mac-aarch64.jar:/Users/madmax/.m2/repository/org/openjfx/javafx-controls/18-ea+4/javafx-controls-18-ea+4-mac-aarch64.jar:/Users/madmax/.m2/repository/org/openjfx/javafx-graphics/18-ea+4/javafx-graphics-18-ea+4-mac-aarch64.jar -Djdk.module.main=com.grupp7.spaceorbit com.grupp7.spaceorbit/com.grupp7.spaceorbit.HelloApplication

Host: "MacBookAir10,1" arm64, 8 cores, 16G, Darwin 21.6.0, macOS 12.5.1 (21G83)
Time: Fri Sep  9 14:47:36 2022 CEST elapsed time: 2.268120 seconds (0d 0h 0m 2s)

---------------  T H R E A D  ---------------

Current thread (0x000000011d080a00):  JavaThread "InvokeLaterDispatcher" daemon [_thread_in_native, id=34055, stack(0x0000000171ba4000,0x0000000171da7000)]

Stack: [0x0000000171ba4000,0x0000000171da7000],  sp=0x0000000171da67a0,  free space=2057k
Native frames: (J=compiled Java code, j=interpreted, Vv=VM code, C=native code)
v  ~StubRoutines::SafeFetchN
V  [libjvm.dylib+0x7d15c0]  _ZN10OopStorage7releaseEPKP7oopDesc+0x20
V  [libjvm.dylib+0x4f7efc]  jni_DeleteGlobalRef+0xd4
C  [libglass.dylib+0xa9c0]  -[GlassRunnable dealloc]+0x34
C  [Foundation+0x852e8]  -[_NSThreadPerformInfo dealloc]+0x30
C  [Foundation+0x5187c]  -[NSObject(NSThreadPerformAdditions) performSelectorOnMainThread:withObject:waitUntilDone:]+0x88
C  0x5e3c0001300098ac
j  com.sun.glass.ui.mac.MacApplication.submitForLaterInvocation(Ljava/lang/Runnable;)V+2 javafx.graphics@18-ea
j  com.sun.glass.ui.InvokeLaterDispatcher.run()V+82 javafx.graphics@18-ea
v  ~StubRoutines::call_stub
V  [libjvm.dylib+0x49f2c4]  _ZN9JavaCalls11call_helperEP9JavaValueRK12methodHandleP17JavaCallArgumentsP10JavaThread+0x38c
V  [libjvm.dylib+0x49e2e0]  _ZN9JavaCalls12call_virtualEP9JavaValueP5KlassP6SymbolS5_P17JavaCallArgumentsP10JavaThread+0x11c
V  [libjvm.dylib+0x49e3ac]  _ZN9JavaCalls12call_virtualEP9JavaValue6HandleP5KlassP6SymbolS6_P10JavaThread+0x64
V  [libjvm.dylib+0x551f20]  _ZL12thread_entryP10JavaThreadS0_+0x9c
V  [libjvm.dylib+0x91c844]  _ZN10JavaThread17thread_main_innerEv+0xa8
V  [libjvm.dylib+0x91b1d4]  _ZN6Thread8call_runEv+0xe0
V  [libjvm.dylib+0x7d7da4]  _ZL19thread_native_entryP6Thread+0x158
C  [libsystem_pthread.dylib+0x726c]  _pthread_start+0x94

Java frames: (J=compiled Java code, j=interpreted, Vv=VM code)
j  com.sun.glass.ui.mac.MacApplication._submitForLaterInvocation(Ljava/lang/Runnable;)V+0 javafx.graphics@18-ea
j  com.sun.glass.ui.mac.MacApplication.submitForLaterInvocation(Ljava/lang/Runnable;)V+2 javafx.graphics@18-ea
j  com.sun.glass.ui.InvokeLaterDispatcher.run()V+82 javafx.graphics@18-ea
v  ~StubRoutines::call_stub

siginfo: si_signo: 10 (SIGBUS), si_code: 1 (BUS_ADRALN), si_addr: 0x00000001300014f0

Register to memory mapping:

 x0=0x000000010ce15fc8 is a global jni handle
 x1=0x0 is NULL
 x2=0x000000070fef48a8 is an oop: com.sun.glass.ui.InvokeLaterDispatcher$Future 
{0x000000070fef48a8} - klass: 'com/sun/glass/ui/InvokeLaterDispatcher$Future'
 - ---- fields (total size 3 words):
 - private 'done' 'Z' @12  true
 - private final 'runnable' 'Ljava/lang/Runnable;' @16  a 'com/sun/javafx/application/PlatformImpl$$Lambda$89+0x0000000800c82550'{0x000000070ff5eb00} (e1febd60)
 - final synthetic 'this$0' 'Lcom/sun/glass/ui/InvokeLaterDispatcher;' @20  a 'com/sun/glass/ui/InvokeLaterDispatcher'{0x000000070c2115c8} (e18422b9)
 x3=0x0 is NULL
 x4=0x00000000000130a8 is an unknown value
 x5=0x0 is NULL
 x6=0x0 is NULL
 x7=0x0 is NULL
 x8=0x00000001300014ec is at begin+0 in a stub
StubRoutines::SafeFetchN [0x00000001300014ec, 0x00000001300014f8] (12 bytes)
 x9=0x0 is NULL
x10=0x2010000030300000 is an unknown value
x11=0x0000000000000007 is an unknown value
x12=0x0000000000000003 is an unknown value
x13=0x00006000021755a0 points into unknown readable memory: 0x876e8001a645d7f4 | f4 d7 45 a6 01 80 6e 87
x14=0x0000220000000000 is an unknown value
x15=0x000000010c91dfa0: OBJC_CLASS_$_GlassRunnable+0 in /Users/madmax/.openjfx/cache/18-ea/libglass.dylib at 0x000000010c8d8000
x16=0x00000001a54bb0fc: pthread_getspecific+0 in /usr/lib/system/libsystem_pthread.dylib at 0x00000001a54b9000
x17=0x0000600002444850 points into unknown readable memory: 0xfffffffffffffffe | fe ff ff ff ff ff ff ff
x18=0x0 is NULL
x19=0x0000600002445030 points into unknown readable memory: 0x0000600000d40190 | 90 01 d4 00 00 60 00 00
x20=0x000000010ce15dc0 points into unknown readable memory: 0xb8f6176c058258e4 | e4 58 82 05 6c 17 f6 b8
x21=0x000000010ce15fc8 is a global jni handle
x22=0x000000011d080a00 is a thread
x23=0x0000000000000001 is an unknown value
x24=0x000000010ce15f80 is a global jni handle
x25=0x0000000102a7ece8: _ZN12StubRoutines17_safefetchN_entryE+0 in /Users/madmax/Library/Java/JavaVirtualMachines/openjdk-18.0.2.1/Contents/Home/lib/server/libjvm.dylib at 0x0000000101e9c000
x26=0x0000000143520000 is pointing into metadata
x27=0x0 is NULL
x28=0x000000011d080a00 is a thread


Registers:
 x0=0x000000010ce15fc8  x1=0x0000000000000000  x2=0x000000070fef48a8  x3=0x0000000000000000
 x4=0x00000000000130a8  x5=0x0000000000000000  x6=0x0000000000000000  x7=0x0000000000000000
 x8=0x00000001300014ec  x9=0x0000000000000000 x10=0x2010000030300000 x11=0x0000000000000007
x12=0x0000000000000003 x13=0x00006000021755a0 x14=0x0000220000000000 x15=0x000000010c91dfa0
x16=0x00000001a54bb0fc x17=0x0000600002444850 x18=0x0000000000000000 x19=0x0000600002445030
x20=0x000000010ce15dc0 x21=0x000000010ce15fc8 x22=0x000000011d080a00 x23=0x0000000000000001
x24=0x000000010ce15f80 x25=0x0000000102a7ece8 x26=0x0000000143520000 x27=0x0000000000000000
x28=0x000000011d080a00  fp=0x0000000171da67e0  lr=0x000000010266c3b4  sp=0x0000000171da67a0
pc=0x00000001300014f0 cpsr=0x0000000060001000
Top of Stack: (sp=0x0000000171da67a0)
0x0000000171da67a0:   0000000143520000 0000000000000001
0x0000000171da67b0:   0000000171da69a8 0000000000000000
0x0000000171da67c0:   000000011f127e90 000000010ce15fb0
0x0000000171da67d0:   000000010ce15fb0 0000600002445030
0x0000000171da67e0:   0000000171da6820 000000010266d5c0
0x0000000171da67f0:   0000000000000001 000000010ce15fb0
0x0000000171da6800:   000000011f127e90 000000010ce15fb0
0x0000000171da6810:   0000000000000001 000000011f127c00
0x0000000171da6820:   0000000171da6860 0000000102393efc
0x0000000171da6830:   0000000171da69a8 0000600000d59200
0x0000000171da6840:   0000600000d59210 00000001ef7fc8f7
0x0000000171da6850:   0000000000000000 0000600000d59210
0x0000000171da6860:   0000000171da6890 000000010c8e29c0
0x0000000171da6870:   31cda18268a5000c 0000000000000000
0x0000000171da6880:   0000000000000000 0000600001a66a80
0x0000000171da6890:   0000000171da68d0 00000001a64912e8
0x0000000171da68a0:   0000000171da69a8 0000600000d59200
0x0000000171da68b0:   0000600000d59210 31cda18268a5000c
0x0000000171da68c0:   0000000000000000 0000000000000000
0x0000000171da68d0:   0000000171da6910 2e490001a645d87c
0x0000000171da68e0:   0000000171da69a8 00000001300087c0
0x0000000171da68f0:   0000000000000000 0000000102a867a0
0x0000000171da6900:   0000000171da6920 0000000130007730
0x0000000171da6910:   0000000171da6980 5e3c0001300098ac
0x0000000171da6920:   0000000000000000 000000070c0c97f0
0x0000000171da6930:   0000000171da6930 0000000000000000
0x0000000171da6940:   0000000171da69a8 0000000143520000
0x0000000171da6950:   000000070c2006e8 0000000000000000
0x0000000171da6960:   0000000000000000 00000001434ff138
0x0000000171da6970:   0000000000000000 0000000171da6980
0x0000000171da6980:   0000000171da6a00 0000000130005fc8
0x0000000171da6990:   0000000000000000 0000000000000000 

Instructions: (pc=0x00000001300014f0)
0x00000001300013f0:   f2a05489 f2c00029 6d425935 1e640886
0x0000000130001400:   0c402d31 1e6408c7 1f5654d0 1e6c1017
0x0000000130001410:   1f5050d0 1f504cd0 1f5048d0 1e650af6
0x0000000130001420:   1f50d8f6 1f5694d6 1f5158f6 1e762880
0x0000000130001430:   36000501 1e614000 14000026 2e251ca5
0x0000000130001440:   d2963009 f2a05489 f2c00029 6d425d36
0x0000000130001450:   1e600806 0c402d32 1f5758c7 1e6c101a
0x0000000130001460:   1f4754c7 1e650805 1f4750c7 d2866668
0x0000000130001470:   f2a7fa68 1f474cc7 1e6608c0 1f4748c7
0x0000000130001480:   1e6e1019 eb08007f 540000ac 1f479400
0x0000000130001490:   1f460340 1e603b20 1400000e d2a7fd29
0x00000001300014a0:   eb09007f 540000ac 51480069 d3607d29
0x00000001300014b0:   9e670121 14000002 1e6a5001 1f679417
0x00000001300014c0:   1f668742 1e613b23 1e773857 1e773860
0x00000001300014d0:   a8c17ff3 910003bf a8c17bfd d65f03c0
0x00000001300014e0:   b9400001 aa0103e0 d65f03c0 f9400001
0x00000001300014f0:   aa0103e0 d65f03c0 00000000 00000000
0x0000000130001500:   00000000 00000000 00000000 00000000
0x0000000130001510:   00000000 00000000 00000000 00000000
0x0000000130001520:   00000000 00000000 00000000 00000000
0x0000000130001530:   00000000 00000000 00000000 00000000
0x0000000130001540:   00000000 00000000 00000000 00000000
0x0000000130001550:   00000000 00000000 00000000 00000000
0x0000000130001560:   00000000 00000000 00000000 00000000
0x0000000130001570:   00000000 00000000 00000000 00000000
0x0000000130001580:   00000000 00000000 00000000 00000000
0x0000000130001590:   00000000 00000000 00000000 00000000
0x00000001300015a0:   00000000 00000000 00000000 00000000
0x00000001300015b0:   00000000 00000000 00000000 00000000
0x00000001300015c0:   00000000 00000000 00000000 00000000
0x00000001300015d0:   00000000 00000000 00000000 00000000
0x00000001300015e0:   00000000 00000000 00000000 00000000 


Stack slot to memory mapping:
stack at sp + 0 slots: 0x0000000143520000 is pointing into metadata
stack at sp + 1 slots: 0x0000000000000001 is an unknown value
stack at sp + 2 slots: 0x0000000171da69a8 is pointing into the stack for thread: 0x000000011d080a00
stack at sp + 3 slots: 0x0 is NULL
stack at sp + 4 slots: 0x000000011f127e90 points into unknown readable memory: 0x0000000102a3b378 | 78 b3 a3 02 01 00 00 00
stack at sp + 5 slots: 0x000000010ce15fb0 is a global jni handle
stack at sp + 6 slots: 0x000000010ce15fb0 is a global jni handle
stack at sp + 7 slots: 0x0000600002445030 points into unknown readable memory: 0x0000600000d40190 | 90 01 d4 00 00 60 00 00

StubRoutines::SafeFetchN [0x00000001300014ec, 0x00000001300014f8] (12 bytes)
[MachCode]
  0x00000001300014ec: 0100 40f9 | e003 01aa | c003 5fd6 
[/MachCode]

---------------  P R O C E S S  ---------------

Threads class SMR info:
_java_thread_list=0x0000600000feeae0, length=19, elements={
0x000000011f00d600, 0x000000011d008c00, 0x000000011d009200, 0x000000011f067800,
0x000000011d80aa00, 0x000000011f069e00, 0x000000010c008c00, 0x000000010c009200,
0x000000011e809e00, 0x000000011f06ae00, 0x000000011d868e00, 0x000000011d80b000,
0x000000011f00dc00, 0x000000011d080a00, 0x000000011f127c00, 0x000000011d8ef800,
0x0000000101162800, 0x000000011d933400, 0x000000011d996000
}

Java Threads: ( => current thread )
  0x000000011f00d600 JavaThread "main" [_thread_blocked, id=9731, stack(0x000000016f19c000,0x000000016f39f000)]
  0x000000011d008c00 JavaThread "Reference Handler" daemon [_thread_blocked, id=15107, stack(0x000000016fff0000,0x00000001701f3000)]
  0x000000011d009200 JavaThread "Finalizer" daemon [_thread_blocked, id=15619, stack(0x00000001701fc000,0x00000001703ff000)]
  0x000000011f067800 JavaThread "Signal Dispatcher" daemon [_thread_blocked, id=22531, stack(0x0000000170520000,0x0000000170723000)]
  0x000000011d80aa00 JavaThread "Service Thread" daemon [_thread_blocked, id=23043, stack(0x000000017072c000,0x000000017092f000)]
  0x000000011f069e00 JavaThread "Monitor Deflation Thread" daemon [_thread_blocked, id=41987, stack(0x0000000170938000,0x0000000170b3b000)]
  0x000000010c008c00 JavaThread "C2 CompilerThread0" daemon [_thread_blocked, id=41731, stack(0x0000000170b44000,0x0000000170d47000)]
  0x000000010c009200 JavaThread "C1 CompilerThread0" daemon [_thread_blocked, id=41475, stack(0x0000000170d50000,0x0000000170f53000)]
  0x000000011e809e00 JavaThread "Sweeper thread" daemon [_thread_blocked, id=24067, stack(0x0000000170f5c000,0x000000017115f000)]
  0x000000011f06ae00 JavaThread "Common-Cleaner" daemon [_thread_blocked, id=40963, stack(0x0000000171168000,0x000000017136b000)]
  0x000000011d868e00 JavaThread "Monitor Ctrl-Break" daemon [_thread_in_native, id=40707, stack(0x0000000171374000,0x0000000171577000)]
  0x000000011d80b000 JavaThread "Notification Thread" daemon [_thread_blocked, id=24835, stack(0x0000000171580000,0x0000000171783000)]
  0x000000011f00dc00 JavaThread "QuantumRenderer-0" daemon [_thread_blocked, id=25603, stack(0x0000000171998000,0x0000000171b9b000)]
=>0x000000011d080a00 JavaThread "InvokeLaterDispatcher" daemon [_thread_in_native, id=34055, stack(0x0000000171ba4000,0x0000000171da7000)]
  0x000000011f127c00 JavaThread "JavaFX Application Thread" [_thread_in_vm, id=259, stack(0x000000016e914000,0x000000016f110000)]
  0x000000011d8ef800 JavaThread "JavaFX-Launcher" [_thread_blocked, id=76547, stack(0x00000001720d4000,0x00000001722d7000)]
  0x0000000101162800 JavaThread "PulseTimer-CVDisplayLink thread" daemon [_thread_in_native, id=79875, stack(0x0000000171db0000,0x0000000171e33000)]
  0x000000011d933400 JavaThread "Timer-0" [_thread_blocked, id=72711, stack(0x0000000172d1c000,0x0000000172f1f000)]
  0x000000011d996000 JavaThread "Attach Listener" daemon [_thread_blocked, id=1411, stack(0x00000001771fc000,0x00000001773ff000)]

Other Threads:
  0x000000011ce050f0 VMThread "VM Thread" [stack: 0x000000016fde4000,0x000000016ffe7000] [id=17155]
  0x000000011e005820 WatcherThread "VM Periodic Task Thread" [stack: 0x000000017178c000,0x000000017198f000] [id=40195]
  0x000000010ce06b00 WorkerThread "GC Thread#0" [stack: 0x000000016f3a8000,0x000000016f5ab000] [id=12547]
  0x0000000101833e20 WorkerThread "GC Thread#1" [stack: 0x00000001722e0000,0x00000001724e3000] [id=76035]
  0x0000000101834290 WorkerThread "GC Thread#2" [stack: 0x00000001724ec000,0x00000001726ef000] [id=75523]
  0x000000011cf1db60 WorkerThread "GC Thread#3" [stack: 0x00000001726f8000,0x00000001728fb000] [id=57091]
  0x000000011cf1dfd0 WorkerThread "GC Thread#4" [stack: 0x0000000172904000,0x0000000172b07000] [id=75011]
  0x000000011cf1e880 WorkerThread "GC Thread#5" [stack: 0x0000000172b10000,0x0000000172d13000] [id=74499]
  0x000000010185a7e0 WorkerThread "GC Thread#6" [stack: 0x0000000177408000,0x000000017760b000] [id=68215]
  0x000000011cf3fcc0 WorkerThread "GC Thread#7" [stack: 0x0000000177614000,0x0000000177817000] [id=67843]
  0x000000010ce071a0 ConcurrentGCThread "G1 Main Marker" [stack: 0x000000016f5b4000,0x000000016f7b7000] [id=19971]
  0x000000010ce07a10 WorkerThread "G1 Conc#0" [stack: 0x000000016f7c0000,0x000000016f9c3000] [id=13571]
  0x000000010ce14870 ConcurrentGCThread "G1 Refine#0" [stack: 0x000000016f9cc000,0x000000016fbcf000] [id=19459]
  0x000000010ce150f0 ConcurrentGCThread "G1 Service" [stack: 0x000000016fbd8000,0x000000016fddb000] [id=14595]

Threads with active compile tasks:

VM state: not at safepoint (normal execution)

VM Mutex/Monitor currently owned by a thread: None

Heap address: 0x0000000700000000, size: 4096 MB, Compressed Oops mode: Zero based, Oop shift amount: 3

CDS archive(s) mapped at: [0x0000000800000000-0x0000000800ba8000-0x0000000800ba8000), size 12222464, SharedBaseAddress: 0x0000000800000000, ArchiveRelocationMode: 0.
Compressed class space mapped at: 0x0000000800c00000-0x0000000840c00000, reserved size: 1073741824
Narrow klass base: 0x0000000800000000, Narrow klass shift: 0, Narrow klass range: 0x100000000

GC Precious Log:
 CardTable entry size: 512
 Card Set container configuration: InlinePtr #cards 4 size 8 Array Of Cards #cards 16 size 48 Howl #buckets 8 coarsen threshold 3686 Howl Bitmap #cards 512 size 80 coarsen threshold 460 Card regions per heap region 1 cards per card region 4096
 CPUs: 8 total, 8 available
 Memory: 16384M
 Large Page Support: Disabled
 NUMA Support: Disabled
 Compressed Oops: Enabled (Zero based)
 Heap Region Size: 2M
 Heap Min Capacity: 8M
 Heap Initial Capacity: 256M
 Heap Max Capacity: 4G
 Pre-touch: Disabled
 Parallel Workers: 8
 Concurrent Workers: 2
 Concurrent Refinement Workers: 8
 Periodic GC: Disabled

Heap:
 garbage-first heap   total 266240K, used 34418K [0x0000000700000000, 0x0000000800000000)
  region size 2048K, 17 young (34816K), 2 survivors (4096K)
 Metaspace       used 8871K, committed 9088K, reserved 1114112K
  class space    used 1118K, committed 1216K, reserved 1048576K

Heap Regions: E=young(eden), S=young(survivor), O=old, HS=humongous(starts), HC=humongous(continues), CS=collection set, F=free, OA=open archive, CA=closed archive, TAMS=top-at-mark-start (previous, next)
|   0|0x0000000700000000, 0x0000000700000000, 0x0000000700200000|  0%| F|  |TAMS 0x0000000700000000, 0x0000000700000000| Untracked 
|   1|0x0000000700200000, 0x0000000700200000, 0x0000000700400000|  0%| F|  |TAMS 0x0000000700200000, 0x0000000700200000| Untracked 
|   2|0x0000000700400000, 0x0000000700400000, 0x0000000700600000|  0%| F|  |TAMS 0x0000000700400000, 0x0000000700400000| Untracked 
|   3|0x0000000700600000, 0x0000000700600000, 0x0000000700800000|  0%| F|  |TAMS 0x0000000700600000, 0x0000000700600000| Untracked 
|   4|0x0000000700800000, 0x0000000700800000, 0x0000000700a00000|  0%| F|  |TAMS 0x0000000700800000, 0x0000000700800000| Untracked 
|   5|0x0000000700a00000, 0x0000000700a00000, 0x0000000700c00000|  0%| F|  |TAMS 0x0000000700a00000, 0x0000000700a00000| Untracked 
|   6|0x0000000700c00000, 0x0000000700c00000, 0x0000000700e00000|  0%| F|  |TAMS 0x0000000700c00000, 0x0000000700c00000| Untracked 
|   7|0x0000000700e00000, 0x0000000700e00000, 0x0000000701000000|  0%| F|  |TAMS 0x0000000700e00000, 0x0000000700e00000| Untracked 
|   8|0x0000000701000000, 0x0000000701000000, 0x0000000701200000|  0%| F|  |TAMS 0x0000000701000000, 0x0000000701000000| Untracked 
|   9|0x0000000701200000, 0x0000000701200000, 0x0000000701400000|  0%| F|  |TAMS 0x0000000701200000, 0x0000000701200000| Untracked 
|  10|0x0000000701400000, 0x0000000701400000, 0x0000000701600000|  0%| F|  |TAMS 0x0000000701400000, 0x0000000701400000| Untracked 
|  11|0x0000000701600000, 0x0000000701600000, 0x0000000701800000|  0%| F|  |TAMS 0x0000000701600000, 0x0000000701600000| Untracked 
|  12|0x0000000701800000, 0x0000000701800000, 0x0000000701a00000|  0%| F|  |TAMS 0x0000000701800000, 0x0000000701800000| Untracked 
|  13|0x0000000701a00000, 0x0000000701a00000, 0x0000000701c00000|  0%| F|  |TAMS 0x0000000701a00000, 0x0000000701a00000| Untracked 
|  14|0x0000000701c00000, 0x0000000701c00000, 0x0000000701e00000|  0%| F|  |TAMS 0x0000000701c00000, 0x0000000701c00000| Untracked 
|  15|0x0000000701e00000, 0x0000000701e00000, 0x0000000702000000|  0%| F|  |TAMS 0x0000000701e00000, 0x0000000701e00000| Untracked 
|  16|0x0000000702000000, 0x0000000702000000, 0x0000000702200000|  0%| F|  |TAMS 0x0000000702000000, 0x0000000702000000| Untracked 
|  17|0x0000000702200000, 0x0000000702200000, 0x0000000702400000|  0%| F|  |TAMS 0x0000000702200000, 0x0000000702200000| Untracked 
|  18|0x0000000702400000, 0x0000000702400000, 0x0000000702600000|  0%| F|  |TAMS 0x0000000702400000, 0x0000000702400000| Untracked 
|  19|0x0000000702600000, 0x0000000702600000, 0x0000000702800000|  0%| F|  |TAMS 0x0000000702600000, 0x0000000702600000| Untracked 
|  20|0x0000000702800000, 0x0000000702800000, 0x0000000702a00000|  0%| F|  |TAMS 0x0000000702800000, 0x0000000702800000| Untracked 
|  21|0x0000000702a00000, 0x0000000702a00000, 0x0000000702c00000|  0%| F|  |TAMS 0x0000000702a00000, 0x0000000702a00000| Untracked 
|  22|0x0000000702c00000, 0x0000000702c00000, 0x0000000702e00000|  0%| F|  |TAMS 0x0000000702c00000, 0x0000000702c00000| Untracked 
|  23|0x0000000702e00000, 0x0000000702e00000, 0x0000000703000000|  0%| F|  |TAMS 0x0000000702e00000, 0x0000000702e00000| Untracked 
|  24|0x0000000703000000, 0x0000000703000000, 0x0000000703200000|  0%| F|  |TAMS 0x0000000703000000, 0x0000000703000000| Untracked 
|  25|0x0000000703200000, 0x0000000703200000, 0x0000000703400000|  0%| F|  |TAMS 0x0000000703200000, 0x0000000703200000| Untracked 
|  26|0x0000000703400000, 0x0000000703400000, 0x0000000703600000|  0%| F|  |TAMS 0x0000000703400000, 0x0000000703400000| Untracked 
|  27|0x0000000703600000, 0x0000000703600000, 0x0000000703800000|  0%| F|  |TAMS 0x0000000703600000, 0x0000000703600000| Untracked 
|  28|0x0000000703800000, 0x0000000703800000, 0x0000000703a00000|  0%| F|  |TAMS 0x0000000703800000, 0x0000000703800000| Untracked 
|  29|0x0000000703a00000, 0x0000000703a00000, 0x0000000703c00000|  0%| F|  |TAMS 0x0000000703a00000, 0x0000000703a00000| Untracked 
|  30|0x0000000703c00000, 0x0000000703c00000, 0x0000000703e00000|  0%| F|  |TAMS 0x0000000703c00000, 0x0000000703c00000| Untracked 
|  31|0x0000000703e00000, 0x0000000703e00000, 0x0000000704000000|  0%| F|  |TAMS 0x0000000703e00000, 0x0000000703e00000| Untracked 
|  32|0x0000000704000000, 0x0000000704000000, 0x0000000704200000|  0%| F|  |TAMS 0x0000000704000000, 0x0000000704000000| Untracked 
|  33|0x0000000704200000, 0x0000000704200000, 0x0000000704400000|  0%| F|  |TAMS 0x0000000704200000, 0x0000000704200000| Untracked 
|  34|0x0000000704400000, 0x0000000704400000, 0x0000000704600000|  0%| F|  |TAMS 0x0000000704400000, 0x0000000704400000| Untracked 
|  35|0x0000000704600000, 0x0000000704600000, 0x0000000704800000|  0%| F|  |TAMS 0x0000000704600000, 0x0000000704600000| Untracked 
|  36|0x0000000704800000, 0x0000000704800000, 0x0000000704a00000|  0%| F|  |TAMS 0x0000000704800000, 0x0000000704800000| Untracked 
|  37|0x0000000704a00000, 0x0000000704a00000, 0x0000000704c00000|  0%| F|  |TAMS 0x0000000704a00000, 0x0000000704a00000| Untracked 
|  38|0x0000000704c00000, 0x0000000704c00000, 0x0000000704e00000|  0%| F|  |TAMS 0x0000000704c00000, 0x0000000704c00000| Untracked 
|  39|0x0000000704e00000, 0x0000000704e00000, 0x0000000705000000|  0%| F|  |TAMS 0x0000000704e00000, 0x0000000704e00000| Untracked 
|  40|0x0000000705000000, 0x0000000705000000, 0x0000000705200000|  0%| F|  |TAMS 0x0000000705000000, 0x0000000705000000| Untracked 
|  41|0x0000000705200000, 0x0000000705200000, 0x0000000705400000|  0%| F|  |TAMS 0x0000000705200000, 0x0000000705200000| Untracked 
|  42|0x0000000705400000, 0x0000000705400000, 0x0000000705600000|  0%| F|  |TAMS 0x0000000705400000, 0x0000000705400000| Untracked 
|  43|0x0000000705600000, 0x0000000705600000, 0x0000000705800000|  0%| F|  |TAMS 0x0000000705600000, 0x0000000705600000| Untracked 
|  44|0x0000000705800000, 0x0000000705800000, 0x0000000705a00000|  0%| F|  |TAMS 0x0000000705800000, 0x0000000705800000| Untracked 
|  45|0x0000000705a00000, 0x0000000705a00000, 0x0000000705c00000|  0%| F|  |TAMS 0x0000000705a00000, 0x0000000705a00000| Untracked 
|  46|0x0000000705c00000, 0x0000000705c00000, 0x0000000705e00000|  0%| F|  |TAMS 0x0000000705c00000, 0x0000000705c00000| Untracked 
|  47|0x0000000705e00000, 0x0000000705e00000, 0x0000000706000000|  0%| F|  |TAMS 0x0000000705e00000, 0x0000000705e00000| Untracked 
|  48|0x0000000706000000, 0x0000000706000000, 0x0000000706200000|  0%| F|  |TAMS 0x0000000706000000, 0x0000000706000000| Untracked 
|  49|0x0000000706200000, 0x0000000706200000, 0x0000000706400000|  0%| F|  |TAMS 0x0000000706200000, 0x0000000706200000| Untracked 
|  50|0x0000000706400000, 0x0000000706400000, 0x0000000706600000|  0%| F|  |TAMS 0x0000000706400000, 0x0000000706400000| Untracked 
|  51|0x0000000706600000, 0x0000000706600000, 0x0000000706800000|  0%| F|  |TAMS 0x0000000706600000, 0x0000000706600000| Untracked 
|  52|0x0000000706800000, 0x0000000706800000, 0x0000000706a00000|  0%| F|  |TAMS 0x0000000706800000, 0x0000000706800000| Untracked 
|  53|0x0000000706a00000, 0x0000000706a00000, 0x0000000706c00000|  0%| F|  |TAMS 0x0000000706a00000, 0x0000000706a00000| Untracked 
|  54|0x0000000706c00000, 0x0000000706c00000, 0x0000000706e00000|  0%| F|  |TAMS 0x0000000706c00000, 0x0000000706c00000| Untracked 
|  55|0x0000000706e00000, 0x0000000706e00000, 0x0000000707000000|  0%| F|  |TAMS 0x0000000706e00000, 0x0000000706e00000| Untracked 
|  56|0x0000000707000000, 0x0000000707000000, 0x0000000707200000|  0%| F|  |TAMS 0x0000000707000000, 0x0000000707000000| Untracked 
|  57|0x0000000707200000, 0x0000000707200000, 0x0000000707400000|  0%| F|  |TAMS 0x0000000707200000, 0x0000000707200000| Untracked 
|  58|0x0000000707400000, 0x0000000707400000, 0x0000000707600000|  0%| F|  |TAMS 0x0000000707400000, 0x0000000707400000| Untracked 
|  59|0x0000000707600000, 0x0000000707600000, 0x0000000707800000|  0%| F|  |TAMS 0x0000000707600000, 0x0000000707600000| Untracked 
|  60|0x0000000707800000, 0x0000000707800000, 0x0000000707a00000|  0%| F|  |TAMS 0x0000000707800000, 0x0000000707800000| Untracked 
|  61|0x0000000707a00000, 0x0000000707a00000, 0x0000000707c00000|  0%| F|  |TAMS 0x0000000707a00000, 0x0000000707a00000| Untracked 
|  62|0x0000000707c00000, 0x0000000707c00000, 0x0000000707e00000|  0%| F|  |TAMS 0x0000000707c00000, 0x0000000707c00000| Untracked 
|  63|0x0000000707e00000, 0x0000000707e00000, 0x0000000708000000|  0%| F|  |TAMS 0x0000000707e00000, 0x0000000707e00000| Untracked 
|  64|0x0000000708000000, 0x0000000708000000, 0x0000000708200000|  0%| F|  |TAMS 0x0000000708000000, 0x0000000708000000| Untracked 
|  65|0x0000000708200000, 0x0000000708200000, 0x0000000708400000|  0%| F|  |TAMS 0x0000000708200000, 0x0000000708200000| Untracked 
|  66|0x0000000708400000, 0x0000000708400000, 0x0000000708600000|  0%| F|  |TAMS 0x0000000708400000, 0x0000000708400000| Untracked 
|  67|0x0000000708600000, 0x0000000708600000, 0x0000000708800000|  0%| F|  |TAMS 0x0000000708600000, 0x0000000708600000| Untracked 
|  68|0x0000000708800000, 0x0000000708800000, 0x0000000708a00000|  0%| F|  |TAMS 0x0000000708800000, 0x0000000708800000| Untracked 
|  69|0x0000000708a00000, 0x0000000708a00000, 0x0000000708c00000|  0%| F|  |TAMS 0x0000000708a00000, 0x0000000708a00000| Untracked 
|  70|0x0000000708c00000, 0x0000000708c00000, 0x0000000708e00000|  0%| F|  |TAMS 0x0000000708c00000, 0x0000000708c00000| Untracked 
|  71|0x0000000708e00000, 0x0000000708e00000, 0x0000000709000000|  0%| F|  |TAMS 0x0000000708e00000, 0x0000000708e00000| Untracked 
|  72|0x0000000709000000, 0x0000000709000000, 0x0000000709200000|  0%| F|  |TAMS 0x0000000709000000, 0x0000000709000000| Untracked 
|  73|0x0000000709200000, 0x0000000709200000, 0x0000000709400000|  0%| F|  |TAMS 0x0000000709200000, 0x0000000709200000| Untracked 
|  74|0x0000000709400000, 0x0000000709400000, 0x0000000709600000|  0%| F|  |TAMS 0x0000000709400000, 0x0000000709400000| Untracked 
|  75|0x0000000709600000, 0x0000000709600000, 0x0000000709800000|  0%| F|  |TAMS 0x0000000709600000, 0x0000000709600000| Untracked 
|  76|0x0000000709800000, 0x0000000709800000, 0x0000000709a00000|  0%| F|  |TAMS 0x0000000709800000, 0x0000000709800000| Untracked 
|  77|0x0000000709a00000, 0x0000000709a00000, 0x0000000709c00000|  0%| F|  |TAMS 0x0000000709a00000, 0x0000000709a00000| Untracked 
|  78|0x0000000709c00000, 0x0000000709c00000, 0x0000000709e00000|  0%| F|  |TAMS 0x0000000709c00000, 0x0000000709c00000| Untracked 
|  79|0x0000000709e00000, 0x0000000709e00000, 0x000000070a000000|  0%| F|  |TAMS 0x0000000709e00000, 0x0000000709e00000| Untracked 
|  80|0x000000070a000000, 0x000000070a000000, 0x000000070a200000|  0%| F|  |TAMS 0x000000070a000000, 0x000000070a000000| Untracked 
|  81|0x000000070a200000, 0x000000070a200000, 0x000000070a400000|  0%| F|  |TAMS 0x000000070a200000, 0x000000070a200000| Untracked 
|  82|0x000000070a400000, 0x000000070a400000, 0x000000070a600000|  0%| F|  |TAMS 0x000000070a400000, 0x000000070a400000| Untracked 
|  83|0x000000070a600000, 0x000000070a600000, 0x000000070a800000|  0%| F|  |TAMS 0x000000070a600000, 0x000000070a600000| Untracked 
|  84|0x000000070a800000, 0x000000070a800000, 0x000000070aa00000|  0%| F|  |TAMS 0x000000070a800000, 0x000000070a800000| Untracked 
|  85|0x000000070aa00000, 0x000000070aa00000, 0x000000070ac00000|  0%| F|  |TAMS 0x000000070aa00000, 0x000000070aa00000| Untracked 
|  86|0x000000070ac00000, 0x000000070ac00000, 0x000000070ae00000|  0%| F|  |TAMS 0x000000070ac00000, 0x000000070ac00000| Untracked 
|  87|0x000000070ae00000, 0x000000070ae00000, 0x000000070b000000|  0%| F|  |TAMS 0x000000070ae00000, 0x000000070ae00000| Untracked 
|  88|0x000000070b000000, 0x000000070b000000, 0x000000070b200000|  0%| F|  |TAMS 0x000000070b000000, 0x000000070b000000| Untracked 
|  89|0x000000070b200000, 0x000000070b200000, 0x000000070b400000|  0%| F|  |TAMS 0x000000070b200000, 0x000000070b200000| Untracked 
|  90|0x000000070b400000, 0x000000070b400000, 0x000000070b600000|  0%| F|  |TAMS 0x000000070b400000, 0x000000070b400000| Untracked 
|  91|0x000000070b600000, 0x000000070b600000, 0x000000070b800000|  0%| F|  |TAMS 0x000000070b600000, 0x000000070b600000| Untracked 
|  92|0x000000070b800000, 0x000000070b800000, 0x000000070ba00000|  0%| F|  |TAMS 0x000000070b800000, 0x000000070b800000| Untracked 
|  93|0x000000070ba00000, 0x000000070ba00000, 0x000000070bc00000|  0%| F|  |TAMS 0x000000070ba00000, 0x000000070ba00000| Untracked 
|  94|0x000000070bc00000, 0x000000070bc00000, 0x000000070be00000|  0%| F|  |TAMS 0x000000070bc00000, 0x000000070bc00000| Untracked 
|  95|0x000000070be00000, 0x000000070be00000, 0x000000070c000000|  0%| F|  |TAMS 0x000000070be00000, 0x000000070be00000| Untracked 
|  96|0x000000070c000000, 0x000000070c1b4bd0, 0x000000070c200000| 85%| S|CS|TAMS 0x000000070c000000, 0x000000070c000000| Complete 
|  97|0x000000070c200000, 0x000000070c400000, 0x000000070c400000|100%| S|CS|TAMS 0x000000070c200000, 0x000000070c200000| Complete 
|  98|0x000000070c400000, 0x000000070c400000, 0x000000070c600000|  0%| F|  |TAMS 0x000000070c400000, 0x000000070c400000| Untracked 
|  99|0x000000070c600000, 0x000000070c600000, 0x000000070c800000|  0%| F|  |TAMS 0x000000070c600000, 0x000000070c600000| Untracked 
| 100|0x000000070c800000, 0x000000070c800000, 0x000000070ca00000|  0%| F|  |TAMS 0x000000070c800000, 0x000000070c800000| Untracked 
| 101|0x000000070ca00000, 0x000000070ca00000, 0x000000070cc00000|  0%| F|  |TAMS 0x000000070ca00000, 0x000000070ca00000| Untracked 
| 102|0x000000070cc00000, 0x000000070cc00000, 0x000000070ce00000|  0%| F|  |TAMS 0x000000070cc00000, 0x000000070cc00000| Untracked 
| 103|0x000000070ce00000, 0x000000070ce00000, 0x000000070d000000|  0%| F|  |TAMS 0x000000070ce00000, 0x000000070ce00000| Untracked 
| 104|0x000000070d000000, 0x000000070d000000, 0x000000070d200000|  0%| F|  |TAMS 0x000000070d000000, 0x000000070d000000| Untracked 
| 105|0x000000070d200000, 0x000000070d200000, 0x000000070d400000|  0%| F|  |TAMS 0x000000070d200000, 0x000000070d200000| Untracked 
| 106|0x000000070d400000, 0x000000070d400000, 0x000000070d600000|  0%| F|  |TAMS 0x000000070d400000, 0x000000070d400000| Untracked 
| 107|0x000000070d600000, 0x000000070d600000, 0x000000070d800000|  0%| F|  |TAMS 0x000000070d600000, 0x000000070d600000| Untracked 
| 108|0x000000070d800000, 0x000000070d800000, 0x000000070da00000|  0%| F|  |TAMS 0x000000070d800000, 0x000000070d800000| Untracked 
| 109|0x000000070da00000, 0x000000070da00000, 0x000000070dc00000|  0%| F|  |TAMS 0x000000070da00000, 0x000000070da00000| Untracked 
| 110|0x000000070dc00000, 0x000000070dc00000, 0x000000070de00000|  0%| F|  |TAMS 0x000000070dc00000, 0x000000070dc00000| Untracked 
| 111|0x000000070de00000, 0x000000070de00000, 0x000000070e000000|  0%| F|  |TAMS 0x000000070de00000, 0x000000070de00000| Untracked 
| 112|0x000000070e000000, 0x000000070e000000, 0x000000070e200000|  0%| F|  |TAMS 0x000000070e000000, 0x000000070e000000| Untracked 
| 113|0x000000070e200000, 0x000000070e3c2fd8, 0x000000070e400000| 88%| E|  |TAMS 0x000000070e200000, 0x000000070e200000| Complete 
| 114|0x000000070e400000, 0x000000070e600000, 0x000000070e600000|100%| E|CS|TAMS 0x000000070e400000, 0x000000070e400000| Complete 
| 115|0x000000070e600000, 0x000000070e800000, 0x000000070e800000|100%| E|CS|TAMS 0x000000070e600000, 0x000000070e600000| Complete 
| 116|0x000000070e800000, 0x000000070ea00000, 0x000000070ea00000|100%| E|CS|TAMS 0x000000070e800000, 0x000000070e800000| Complete 
| 117|0x000000070ea00000, 0x000000070ec00000, 0x000000070ec00000|100%| E|CS|TAMS 0x000000070ea00000, 0x000000070ea00000| Complete 
| 118|0x000000070ec00000, 0x000000070ee00000, 0x000000070ee00000|100%| E|CS|TAMS 0x000000070ec00000, 0x000000070ec00000| Complete 
| 119|0x000000070ee00000, 0x000000070f000000, 0x000000070f000000|100%| E|CS|TAMS 0x000000070ee00000, 0x000000070ee00000| Complete 
| 120|0x000000070f000000, 0x000000070f200000, 0x000000070f200000|100%| E|CS|TAMS 0x000000070f000000, 0x000000070f000000| Complete 
| 121|0x000000070f200000, 0x000000070f400000, 0x000000070f400000|100%| E|CS|TAMS 0x000000070f200000, 0x000000070f200000| Complete 
| 122|0x000000070f400000, 0x000000070f600000, 0x000000070f600000|100%| E|CS|TAMS 0x000000070f400000, 0x000000070f400000| Complete 
| 123|0x000000070f600000, 0x000000070f800000, 0x000000070f800000|100%| E|CS|TAMS 0x000000070f600000, 0x000000070f600000| Complete 
| 124|0x000000070f800000, 0x000000070fa00000, 0x000000070fa00000|100%| E|CS|TAMS 0x000000070f800000, 0x000000070f800000| Complete 
| 125|0x000000070fa00000, 0x000000070fc00000, 0x000000070fc00000|100%| E|CS|TAMS 0x000000070fa00000, 0x000000070fa00000| Complete 
| 126|0x000000070fc00000, 0x000000070fe00000, 0x000000070fe00000|100%| E|CS|TAMS 0x000000070fc00000, 0x000000070fc00000| Complete 
| 127|0x000000070fe00000, 0x0000000710000000, 0x0000000710000000|100%| E|CS|TAMS 0x000000070fe00000, 0x000000070fe00000| Complete 
|2046|0x00000007ffc00000, 0x00000007ffd74000, 0x00000007ffe00000| 72%|OA|  |TAMS 0x00000007ffc00000, 0x00000007ffc00000| Untracked 
|2047|0x00000007ffe00000, 0x00000007ffe74000, 0x0000000800000000| 22%|CA|  |TAMS 0x00000007ffe00000, 0x00000007ffe00000| Untracked 

Card table byte_map: [0x000000010aee4000,0x000000010b6e4000] _byte_map_base: 0x00000001076e4000

Marking Bits (Prev, Next): (CMBitMap*) 0x000000011f036c10, (CMBitMap*) 0x000000011f036c50
 Prev Bits: [0x0000000118000000, 0x000000011c000000)
 Next Bits: [0x000000013f000000, 0x0000000143000000)

Polling page: 0x0000000100d54000

Metaspace:

Usage:
  Non-class:      7.57 MB used.
      Class:      1.09 MB used.
       Both:      8.66 MB used.

Virtual space:
  Non-class space:       64.00 MB reserved,       7.69 MB ( 12%) committed,  1 nodes.
      Class space:        1.00 GB reserved,       1.19 MB ( <1%) committed,  1 nodes.
             Both:        1.06 GB reserved,       8.88 MB ( <1%) committed. 

Chunk freelists:
   Non-Class:  3.05 MB
       Class:  2.63 MB
        Both:  5.68 MB

MaxMetaspaceSize: unlimited
CompressedClassSpaceSize: 1.00 GB
Initial GC threshold: 21.00 MB
Current GC threshold: 21.00 MB
CDS: on
MetaspaceReclaimPolicy: balanced
 - commit_granule_bytes: 65536.
 - commit_granule_words: 8192.
 - virtual_space_node_default_size: 8388608.
 - enlarge_chunks_in_place: 1.
 - new_chunks_are_fully_committed: 0.
 - uncommit_free_chunks: 1.
 - use_allocation_guard: 0.


Internal statistics:

num_allocs_failed_limit: 0.
num_arena_births: 150.
num_arena_deaths: 0.
num_vsnodes_births: 2.
num_vsnodes_deaths: 0.
num_space_committed: 142.
num_space_uncommitted: 0.
num_chunks_returned_to_freelist: 0.
num_chunks_taken_from_freelist: 394.
num_chunk_merges: 0.
num_chunk_splits: 286.
num_chunks_enlarged: 231.
num_inconsistent_stats: 0.

CodeHeap 'non-profiled nmethods': size=120032Kb used=521Kb max_used=521Kb free=119510Kb
 bounds [0x0000000137ac8000, 0x0000000137d38000, 0x000000013f000000]
CodeHeap 'profiled nmethods': size=120016Kb used=2544Kb max_used=2544Kb free=117471Kb
 bounds [0x0000000130594000, 0x0000000130814000, 0x0000000137ac8000]
CodeHeap 'non-nmethods': size=5712Kb used=1325Kb max_used=1374Kb free=4386Kb
 bounds [0x0000000130000000, 0x0000000130270000, 0x0000000130594000]
 total_blobs=2134 nmethods=1453 adapters=598
 compilation: enabled
              stopped_count=0, restarted_count=0
 full_count=0

Compilation events (20 events):
Event: 2.187 Thread 0x000000010c009200 1486       3       com.sun.javafx.geom.transform.Identity::inverseTransform (20 bytes)
Event: 2.188 Thread 0x000000010c009200 nmethod 1486 0x0000000130806f10 code [0x0000000130807100, 0x0000000130807528]
Event: 2.188 Thread 0x000000010c009200 1487   !   3       javafx.scene.Node::pickNode (130 bytes)
Event: 2.189 Thread 0x000000010c009200 nmethod 1487 0x0000000130807710 code [0x0000000130807a40, 0x0000000130808808]
Event: 2.189 Thread 0x000000010c009200 1488       3       javafx.scene.Node::isMouseTransparent (19 bytes)
Event: 2.189 Thread 0x000000010c009200 nmethod 1488 0x0000000130808e90 code [0x0000000130809040, 0x0000000130809218]
Event: 2.189 Thread 0x000000010c009200 1485       3       com.sun.javafx.geom.RectBounds::deriveWithUnion (64 bytes)
Event: 2.189 Thread 0x000000010c009200 nmethod 1485 0x0000000130809310 code [0x00000001308095c0, 0x0000000130809f08]
Event: 2.200 Thread 0x000000010c009200 1489       3       com.sun.javafx.geom.RectBounds::intersectWith (82 bytes)
Event: 2.200 Thread 0x000000010c009200 nmethod 1489 0x000000013080a210 code [0x000000013080a4c0, 0x000000013080ae58]
Event: 2.200 Thread 0x000000010c009200 1490       3       com.sun.prism.es2.ES2Context::updateRenderTarget (266 bytes)
Event: 2.202 Thread 0x000000010c009200 nmethod 1490 0x000000013080b090 code [0x000000013080b600, 0x000000013080ddf8]
Event: 2.232 Thread 0x000000010c009200 1492       3       com.sun.javafx.sg.prism.NGNode::markTreeDirty (162 bytes)
Event: 2.233 Thread 0x000000010c009200 nmethod 1492 0x000000013080ea90 code [0x000000013080ed00, 0x000000013080f448]
Event: 2.234 Thread 0x000000010c009200 1491       3       com.sun.javafx.tk.Toolkit::isFxUserThread (15 bytes)
Event: 2.234 Thread 0x000000010c009200 nmethod 1491 0x000000013080f610 code [0x000000013080f7c0, 0x000000013080f968]
Event: 2.249 Thread 0x000000010c009200 1493       3       com.sun.javafx.geom.transform.Identity::equals (23 bytes)
Event: 2.250 Thread 0x000000010c009200 nmethod 1493 0x000000013080fa10 code [0x000000013080fc00, 0x00000001308100d8]
Event: 2.256 Thread 0x000000010c008c00 1494       4       com.sun.javafx.scene.NodeHelper::getHelper (59 bytes)
Event: 2.257 Thread 0x000000010c008c00 nmethod 1494 0x0000000137b4a210 code [0x0000000137b4a3c0, 0x0000000137b4a4e0]

GC Heap History (4 events):
Event: 0.512 GC heap before
{Heap before GC invocations=0 (full 0):
 garbage-first heap   total 266240K, used 24480K [0x0000000700000000, 0x0000000800000000)
  region size 2048K, 11 young (22528K), 0 survivors (0K)
 Metaspace       used 6493K, committed 6656K, reserved 1114112K
  class space    used 825K, committed 896K, reserved 1048576K
}
Event: 0.513 GC heap after
{Heap after GC invocations=1 (full 0):
 garbage-first heap   total 266240K, used 4554K [0x0000000700000000, 0x0000000800000000)
  region size 2048K, 2 young (4096K), 2 survivors (4096K)
 Metaspace       used 6493K, committed 6656K, reserved 1114112K
  class space    used 825K, committed 896K, reserved 1048576K
}
Event: 1.634 GC heap before
{Heap before GC invocations=1 (full 0):
 garbage-first heap   total 266240K, used 61898K [0x0000000700000000, 0x0000000800000000)
  region size 2048K, 30 young (61440K), 2 survivors (4096K)
 Metaspace       used 8775K, committed 8960K, reserved 1114112K
  class space    used 1118K, committed 1216K, reserved 1048576K
}
Event: 1.636 GC heap after
{Heap after GC invocations=2 (full 0):
 garbage-first heap   total 266240K, used 5746K [0x0000000700000000, 0x0000000800000000)
  region size 2048K, 2 young (4096K), 2 survivors (4096K)
 Metaspace       used 8775K, committed 8960K, reserved 1114112K
  class space    used 1118K, committed 1216K, reserved 1048576K
}

Deoptimization events (20 events):
Event: 0.605 Thread 0x000000011f127c00 Uncommon trap: trap_request=0xffffffde fr.pc=0x0000000137b0e6b0 relative=0x00000000000000f0
Event: 0.605 Thread 0x000000011f127c00 Uncommon trap: reason=class_check action=maybe_recompile pc=0x0000000137b0e6b0 method=jdk.internal.misc.Unsafe.allocateUninitializedArray(Ljava/lang/Class;I)Ljava/lang/Object; @ 51 c2
Event: 0.605 Thread 0x000000011f127c00 DEOPT PACKING pc=0x0000000137b0e6b0 sp=0x000000016f10b5e0
Event: 0.605 Thread 0x000000011f127c00 DEOPT UNPACKING pc=0x000000013003ed1c sp=0x000000016f10b570 mode 2
Event: 1.280 Thread 0x000000011d996000 Uncommon trap: trap_request=0xffffff45 fr.pc=0x0000000137ad97c4 relative=0x0000000000000104
Event: 1.280 Thread 0x000000011d996000 Uncommon trap: reason=unstable_if action=reinterpret pc=0x0000000137ad97c4 method=java.lang.StringLatin1.lastIndexOf([BI[BII)I @ 86 c2
Event: 1.280 Thread 0x000000011d996000 DEOPT PACKING pc=0x0000000137ad97c4 sp=0x00000001773fd720
Event: 1.280 Thread 0x000000011d996000 DEOPT UNPACKING pc=0x000000013003ed1c sp=0x00000001773fd680 mode 2
Event: 1.283 Thread 0x000000011d996000 Uncommon trap: trap_request=0xffffffc6 fr.pc=0x0000000137b06708 relative=0x0000000000000288
Event: 1.283 Thread 0x000000011d996000 Uncommon trap: reason=bimorphic_or_optimized_type_check action=maybe_recompile pc=0x0000000137b06708 method=java.util.concurrent.ConcurrentHashMap.get(Ljava/lang/Object;)Ljava/lang/Object; @ 149 c2
Event: 1.283 Thread 0x000000011d996000 DEOPT PACKING pc=0x0000000137b06708 sp=0x00000001773fd780
Event: 1.283 Thread 0x000000011d996000 DEOPT UNPACKING pc=0x000000013003ed1c sp=0x00000001773fd6f0 mode 2
Event: 1.283 Thread 0x000000011d996000 Uncommon trap: trap_request=0xffffffc6 fr.pc=0x0000000137b06708 relative=0x0000000000000288
Event: 1.283 Thread 0x000000011d996000 Uncommon trap: reason=bimorphic_or_optimized_type_check action=maybe_recompile pc=0x0000000137b06708 method=java.util.concurrent.ConcurrentHashMap.get(Ljava/lang/Object;)Ljava/lang/Object; @ 149 c2
Event: 1.283 Thread 0x000000011d996000 DEOPT PACKING pc=0x0000000137b06708 sp=0x00000001773fd780
Event: 1.283 Thread 0x000000011d996000 DEOPT UNPACKING pc=0x000000013003ed1c sp=0x00000001773fd6f0 mode 2
Event: 1.283 Thread 0x000000011d996000 Uncommon trap: trap_request=0xffffffc6 fr.pc=0x0000000137b06708 relative=0x0000000000000288
Event: 1.283 Thread 0x000000011d996000 Uncommon trap: reason=bimorphic_or_optimized_type_check action=maybe_recompile pc=0x0000000137b06708 method=java.util.concurrent.ConcurrentHashMap.get(Ljava/lang/Object;)Ljava/lang/Object; @ 149 c2
Event: 1.283 Thread 0x000000011d996000 DEOPT PACKING pc=0x0000000137b06708 sp=0x00000001773fd780
Event: 1.283 Thread 0x000000011d996000 DEOPT UNPACKING pc=0x000000013003ed1c sp=0x00000001773fd6f0 mode 2

Classes loaded (20 events):
Event: 1.281 Loading class java/time/zone/TzdbZoneRulesProvider
Event: 1.281 Loading class java/time/zone/TzdbZoneRulesProvider done
Event: 1.282 Loading class java/time/zone/Ser
Event: 1.282 Loading class java/io/Externalizable
Event: 1.282 Loading class java/io/Externalizable done
Event: 1.282 Loading class java/time/zone/Ser done
Event: 1.283 Loading class java/time/Month
Event: 1.283 Loading class java/time/Month done
Event: 1.283 Loading class java/time/DayOfWeek
Event: 1.283 Loading class java/time/DayOfWeek done
Event: 1.283 Loading class java/time/zone/ZoneOffsetTransitionRule$TimeDefinition
Event: 1.283 Loading class java/time/zone/ZoneOffsetTransitionRule$TimeDefinition done
Event: 1.284 Loading class java/time/zone/ZoneOffsetTransition
Event: 1.284 Loading class java/time/zone/ZoneOffsetTransition done
Event: 1.285 Loading class sun/util/cldr/CLDRBaseLocaleDataMetaInfo$TZCanonicalIDMapHolder
Event: 1.285 Loading class sun/util/cldr/CLDRBaseLocaleDataMetaInfo$TZCanonicalIDMapHolder done
Event: 1.286 Loading class sun/util/resources/TimeZoneNames
Event: 1.286 Loading class sun/util/resources/TimeZoneNames done
Event: 1.286 Loading class sun/util/resources/TimeZoneNames_en
Event: 1.286 Loading class sun/util/resources/TimeZoneNames_en done

Classes unloaded (0 events):
No events

Classes redefined (0 events):
No events

Internal exceptions (20 events):
Event: 0.052 Thread 0x000000011f00d600 Exception <a 'java/lang/NoSuchMethodError'{0x000000070ffd9e70}: 'void java.lang.invoke.DirectMethodHandle$Holder.invokeVirtual(java.lang.Object, java.lang.Object)'> (0x000000070ffd9e70) 
thrown [open/src/hotspot/share/interpreter/linkResolver.cpp, line 759]
Event: 0.075 Thread 0x000000011f00d600 Exception <a 'java/lang/NoSuchMethodError'{0x000000070fa18220}: 'void java.lang.invoke.DirectMethodHandle$Holder.invokeStatic(java.lang.Object, java.lang.Object, java.lang.Object)'> (0x000000070fa18220) 
thrown [open/src/hotspot/share/interpreter/linkResolver.cpp, line 759]
Event: 0.077 Thread 0x000000011f00d600 Exception <a 'java/lang/NoSuchMethodError'{0x000000070fa30080}: 'java.lang.Object java.lang.invoke.Invokers$Holder.invokeExact_MT(java.lang.Object, java.lang.Object, java.lang.Object, java.lang.Object, java.lang.Object)'> (0x000000070fa30080) 
thrown [open/src/hotspot/share/interpreter/linkResolver.cpp, line 759]
Event: 0.084 Thread 0x000000011d868e00 Exception <a 'java/lang/ClassNotFoundException'{0x000000070fa73e18}: jdk/net/ExtendedSocketOptions> (0x000000070fa73e18) 
thrown [open/src/hotspot/share/classfile/systemDictionary.cpp, line 255]
Event: 0.084 Thread 0x000000011f00d600 Exception <a 'java/lang/NoSuchMethodError'{0x000000070fb2f8d8}: 'java.lang.Object java.lang.invoke.DirectMethodHandle$Holder.invokeStaticInit(java.lang.Object)'> (0x000000070fb2f8d8) 
thrown [open/src/hotspot/share/interpreter/linkResolver.cpp, line 759]
Event: 0.085 Thread 0x000000011d868e00 Exception <a 'java/lang/NoSuchMethodError'{0x000000070fa75738}: 'void java.lang.invoke.DirectMethodHandle$Holder.invokeStatic(java.lang.Object, java.lang.Object)'> (0x000000070fa75738) 
thrown [open/src/hotspot/share/interpreter/linkResolver.cpp, line 759]
Event: 0.085 Thread 0x000000011f00d600 Exception <a 'java/lang/NoSuchMethodError'{0x000000070fb36298}: 'void java.lang.invoke.DirectMethodHandle$Holder.invokeStatic(java.lang.Object, java.lang.Object, java.lang.Object, java.lang.Object)'> (0x000000070fb36298) 
thrown [open/src/hotspot/share/interpreter/linkResolver.cpp, line 759]
Event: 0.086 Thread 0x000000011f00d600 Exception <a 'java/lang/NoSuchMethodError'{0x000000070fb3a268}: 'void java.lang.invoke.DirectMethodHandle$Holder.invokeSpecial(java.lang.Object, java.lang.Object, java.lang.Object, java.lang.Object, java.lang.Object)'> (0x000000070fb3a268) 
thrown [open/src/hotspot/share/interpreter/linkResolver.cpp, line 759]
Event: 0.089 Thread 0x000000011f00d600 Exception <a 'java/lang/NoSuchMethodError'{0x000000070fb4ca48}: 'java.lang.Object java.lang.invoke.Invokers$Holder.invokeExact_MT(java.lang.Object, java.lang.Object, java.lang.Object, java.lang.Object, java.lang.Object, java.lang.Object)'> (0x000000070fb4ca48) 
thrown [open/src/hotspot/share/interpreter/linkResolver.cpp, line 759]
Event: 0.116 Thread 0x000000011f00d600 Exception <a 'java/lang/NoSuchMethodError'{0x000000070f9e9cb0}: 'void java.lang.invoke.DirectMethodHandle$Holder.invokeSpecial(java.lang.Object, java.lang.Object, java.lang.Object)'> (0x000000070f9e9cb0) 
thrown [open/src/hotspot/share/interpreter/linkResolver.cpp, line 759]
Event: 0.254 Thread 0x000000011f00d600 Exception <a 'java/lang/NoSuchMethodError'{0x000000070f63efb8}: 'int java.lang.invoke.DirectMethodHandle$Holder.invokeStaticInit(java.lang.Object, java.lang.Object, java.lang.Object)'> (0x000000070f63efb8) 
thrown [open/src/hotspot/share/interpreter/linkResolver.cpp, line 759]
Event: 0.429 Thread 0x000000011f127c00 Exception <a 'java/lang/NoSuchMethodError'{0x000000070f3a2f50}: 'void java.lang.invoke.DirectMethodHandle$Holder.invokeStaticInit(java.lang.Object)'> (0x000000070f3a2f50) 
thrown [open/src/hotspot/share/interpreter/linkResolver.cpp, line 759]
Event: 0.431 Thread 0x000000011f00d600 Exception <a 'java/lang/NoSuchMethodError'{0x000000070f489a20}: 'java.lang.Object java.lang.invoke.DirectMethodHandle$Holder.newInvokeSpecial(java.lang.Object, java.lang.Object, java.lang.Object, java.lang.Object, java.lang.Object, java.lang.Object)'> (0x000000070f489a20) 
thrown [open/src/hotspot/share/interpreter/linkResolver.cpp, line 759]
Event: 0.445 Thread 0x000000011f00d600 Exception <a 'java/lang/NoSuchMethodError'{0x000000070f0cd790}: 'java.lang.Object java.lang.invoke.DirectMethodHandle$Holder.newInvokeSpecial(java.lang.Object, java.lang.Object, java.lang.Object, java.lang.Object, java.lang.Object)'> (0x000000070f0cd790) 
thrown [open/src/hotspot/share/interpreter/linkResolver.cpp, line 759]
Event: 0.469 Thread 0x000000011f127c00 Exception <a 'java/lang/NoSuchMethodError'{0x000000070ec2fbc8}: 'java.lang.Object java.lang.invoke.DirectMethodHandle$Holder.invokeStaticInit(java.lang.Object, java.lang.Object, java.lang.Object, java.lang.Object)'> (0x000000070ec2fbc8) 
thrown [open/src/hotspot/share/interpreter/linkResolver.cpp, line 759]
Event: 0.469 Thread 0x000000011f127c00 Exception <a 'java/lang/NullPointerException'{0x000000070ec3b8e8}> (0x000000070ec3b8e8) 
thrown [open/src/hotspot/share/interpreter/linkResolver.cpp, line 1350]
Event: 0.488 Thread 0x000000011f127c00 Exception <a 'sun/nio/fs/UnixException'{0x000000070eb11c20}> (0x000000070eb11c20) 
thrown [open/src/hotspot/share/prims/jni.cpp, line 516]
Event: 0.568 Thread 0x000000011f127c00 Exception <a 'java/lang/NoSuchMethodError'{0x000000070fa93c20}: 'java.lang.Object java.lang.invoke.DirectMethodHandle$Holder.newInvokeSpecial(java.lang.Object, java.lang.Object, int)'> (0x000000070fa93c20) 
thrown [open/src/hotspot/share/interpreter/linkResolver.cpp, line 759]
Event: 0.604 Thread 0x000000011f00dc00 Exception <a 'java/lang/NoSuchMethodError'{0x000000070f634990}: 'int java.lang.invoke.DirectMethodHandle$Holder.invokeStaticInit(java.lang.Object, java.lang.Object)'> (0x000000070f634990) 
thrown [open/src/hotspot/share/interpreter/linkResolver.cpp, line 759]
Event: 1.282 Thread 0x000000011d996000 Exception <a 'sun/nio/fs/UnixException'{0x000000070d2f5c98}> (0x000000070d2f5c98) 
thrown [open/src/hotspot/share/prims/jni.cpp, line 516]

VM Operations (14 events):
Event: 0.065 Executing VM operation: HandshakeAllThreads
Event: 0.065 Executing VM operation: HandshakeAllThreads done
Event: 0.066 Executing VM operation: HandshakeAllThreads
Event: 0.066 Executing VM operation: HandshakeAllThreads done
Event: 0.081 Executing VM operation: HandshakeAllThreads
Event: 0.081 Executing VM operation: HandshakeAllThreads done
Event: 0.156 Executing VM operation: ICBufferFull
Event: 0.156 Executing VM operation: ICBufferFull done
Event: 0.512 Executing VM operation: G1CollectForAllocation
Event: 0.513 Executing VM operation: G1CollectForAllocation done
Event: 1.272 Executing VM operation: ICBufferFull
Event: 1.273 Executing VM operation: ICBufferFull done
Event: 1.634 Executing VM operation: G1CollectForAllocation
Event: 1.636 Executing VM operation: G1CollectForAllocation done

Events (20 events):
Event: 0.283 Loaded shared library /Users/madmax/.openjfx/cache/18-ea/libglass.dylib
Event: 0.285 Thread 0x000000011d080a00 Thread added: 0x000000011d080a00
Event: 0.285 Protecting memory [0x0000000171ba4000,0x0000000171bb0000] with protection modes 0
Event: 0.286 Protecting memory [0x000000016e914000,0x000000016e920000] with protection modes 0
Event: 0.286 Thread 0x000000011f127c00 Thread added: 0x000000011f127c00
Event: 0.372 Thread 0x000000011f1cc200 Thread added: 0x000000011f1cc200
Event: 0.372 Protecting memory [0x0000000171db0000,0x0000000171dbc000] with protection modes 0
Event: 0.412 Protecting memory [0x0000000171db0000,0x0000000171dbc000] with protection modes 3
Event: 0.412 Thread 0x000000011f1cc200 Thread exited: 0x000000011f1cc200
Event: 0.446 Thread 0x000000011d8ef800 Thread added: 0x000000011d8ef800
Event: 0.446 Protecting memory [0x00000001720d4000,0x00000001720e0000] with protection modes 0
Event: 0.449 Protecting memory [0x0000000171db0000,0x0000000171dbc000] with protection modes 0
Event: 0.449 Thread 0x0000000101162800 Thread added: 0x0000000101162800
Event: 0.487 Loaded shared library /Users/madmax/Library/Java/JavaVirtualMachines/openjdk-18.0.2.1/Contents/Home/lib/libjimage.dylib
Event: 0.492 Loading shared library /Users/madmax/.m2/repository/org/openjfx/javafx-graphics/18-ea+4/libjavafx_font.dylib failed, dlopen(/Users/madmax/.m2/repository/org/openjfx/javafx-graphics/18-ea+4/libjavafx_font.dylib, 0x0001): tried: '/Users/madmax/.m2/repositor
Event: 0.508 Loaded shared library /Users/madmax/.openjfx/cache/18-ea/libjavafx_font.dylib
Event: 0.570 Thread 0x000000011d933400 Thread added: 0x000000011d933400
Event: 0.570 Protecting memory [0x0000000172d1c000,0x0000000172d28000] with protection modes 0
Event: 1.163 Thread 0x000000011d996000 Thread added: 0x000000011d996000
Event: 1.163 Protecting memory [0x00000001771fc000,0x0000000177208000] with protection modes 0


Dynamic libraries:
0x0000000100d24000 	/Users/madmax/Library/Java/JavaVirtualMachines/openjdk-18.0.2.1/Contents/Home/lib/libjli.dylib
0x00000001aff6d000 	/usr/lib/libz.1.dylib
0x00000001b0024000 	/usr/lib/libSystem.B.dylib
0x00000001b001e000 	/usr/lib/system/libcache.dylib
0x00000001affdc000 	/usr/lib/system/libcommonCrypto.dylib
0x00000001b0005000 	/usr/lib/system/libcompiler_rt.dylib
0x00000001afffc000 	/usr/lib/system/libcopyfile.dylib
0x00000001a5243000 	/usr/lib/system/libcorecrypto.dylib
0x00000001a52f8000 	/usr/lib/system/libdispatch.dylib
0x00000001a54c6000 	/usr/lib/system/libdyld.dylib
0x00000001b0014000 	/usr/lib/system/libkeymgr.dylib
0x00000001affb7000 	/usr/lib/system/libmacho.dylib
0x00000001af6a7000 	/usr/lib/system/libquarantine.dylib
0x00000001b0011000 	/usr/lib/system/libremovefile.dylib
0x00000001aa63e000 	/usr/lib/system/libsystem_asl.dylib
0x00000001a51e5000 	/usr/lib/system/libsystem_blocks.dylib
0x00000001a5380000 	/usr/lib/system/libsystem_c.dylib
0x00000001b0009000 	/usr/lib/system/libsystem_collections.dylib
0x00000001aeb3c000 	/usr/lib/system/libsystem_configuration.dylib
0x00000001add96000 	/usr/lib/system/libsystem_containermanager.dylib
0x00000001afd14000 	/usr/lib/system/libsystem_coreservices.dylib
0x00000001a7bf7000 	/usr/lib/system/libsystem_darwin.dylib
0x00000001b0015000 	/usr/lib/system/libsystem_dnssd.dylib
0x00000001a537d000 	/usr/lib/system/libsystem_featureflags.dylib
0x00000001a54db000 	/usr/lib/system/libsystem_info.dylib
0x00000001aff7f000 	/usr/lib/system/libsystem_m.dylib
0x00000001a52cd000 	/usr/lib/system/libsystem_malloc.dylib
0x00000001aa5cc000 	/usr/lib/system/libsystem_networkextension.dylib
0x00000001a8050000 	/usr/lib/system/libsystem_notify.dylib
0x00000001b6379000 	/usr/lib/system/libsystem_product_info_filter.dylib
0x00000001aeb41000 	/usr/lib/system/libsystem_sandbox.dylib
0x00000001b000e000 	/usr/lib/system/libsystem_secinit.dylib
0x00000001a5481000 	/usr/lib/system/libsystem_kernel.dylib
0x00000001a54d3000 	/usr/lib/system/libsystem_platform.dylib
0x00000001a54b9000 	/usr/lib/system/libsystem_pthread.dylib
0x00000001abda2000 	/usr/lib/system/libsystem_symptoms.dylib
0x00000001a5229000 	/usr/lib/system/libsystem_trace.dylib
0x00000001affe9000 	/usr/lib/system/libunwind.dylib
0x00000001a51e7000 	/usr/lib/system/libxpc.dylib
0x00000001a5469000 	/usr/lib/libc++abi.dylib
0x00000001a533f000 	/usr/lib/libobjc.A.dylib
0x00000001afff4000 	/usr/lib/liboah.dylib
0x00000001a5402000 	/usr/lib/libc++.1.dylib
0x00000001bbea7000 	/System/Library/Frameworks/Cocoa.framework/Versions/A/Cocoa
0x00000001a80b1000 	/System/Library/Frameworks/AppKit.framework/Versions/C/AppKit
0x00000001ab5c8000 	/System/Library/Frameworks/CoreData.framework/Versions/A/CoreData
0x00000001a640c000 	/System/Library/Frameworks/Foundation.framework/Versions/C/Foundation
0x00000001a8f6a000 	/System/Library/PrivateFrameworks/UIFoundation.framework/Versions/A/UIFoundation
0x00000001b6073000 	/System/Library/PrivateFrameworks/RemoteViewServices.framework/Versions/A/RemoteViewServices
0x00000001ae4e4000 	/System/Library/PrivateFrameworks/XCTTargetBootstrap.framework/Versions/A/XCTTargetBootstrap
0x00000001b1d64000 	/System/Library/PrivateFrameworks/InternationalSupport.framework/Versions/A/InternationalSupport
0x00000001b1ded000 	/System/Library/PrivateFrameworks/UserActivity.framework/Versions/A/UserActivity
0x00000001b125b000 	/usr/lib/libspindump.dylib
0x00000001a91db000 	/System/Library/Frameworks/UniformTypeIdentifiers.framework/Versions/A/UniformTypeIdentifiers
0x00000001aca2c000 	/usr/lib/libapp_launch_measurement.dylib
0x00000001abf54000 	/System/Library/PrivateFrameworks/CoreAnalytics.framework/Versions/A/CoreAnalytics
0x00000001aca2f000 	/System/Library/PrivateFrameworks/CoreAutoLayout.framework/Versions/A/CoreAutoLayout
0x00000001addd3000 	/System/Library/Frameworks/Metal.framework/Versions/A/Metal
0x00000001aeb4c000 	/usr/lib/liblangid.dylib
0x00000001ae4e9000 	/System/Library/PrivateFrameworks/CoreSVG.framework/Versions/A/CoreSVG
0x00000001aa672000 	/System/Library/PrivateFrameworks/SkyLight.framework/Versions/A/SkyLight
0x00000001aaa4e000 	/System/Library/Frameworks/CoreGraphics.framework/Versions/A/CoreGraphics
0x00000001b673f000 	/System/Library/Frameworks/Accelerate.framework/Versions/A/Accelerate
0x00000001b0cd2000 	/System/Library/PrivateFrameworks/IconServices.framework/Versions/A/IconServices
0x00000001addb5000 	/System/Library/Frameworks/IOSurface.framework/Versions/A/IOSurface
0x00000001abf85000 	/usr/lib/libDiagnosticMessagesClient.dylib
0x00000001b9c44000 	/System/Library/Frameworks/ApplicationServices.framework/Versions/A/ApplicationServices
0x00000001ae4cc000 	/System/Library/PrivateFrameworks/DFRFoundation.framework/Versions/A/DFRFoundation
0x00000001a7941000 	/usr/lib/libicucore.A.dylib
0x00000001b2c12000 	/System/Library/Frameworks/AudioToolbox.framework/Versions/A/AudioToolbox
0x00000001b1d70000 	/System/Library/PrivateFrameworks/DataDetectorsCore.framework/Versions/A/DataDetectorsCore
0x00000001c8790000 	/System/Library/PrivateFrameworks/TextInput.framework/Versions/A/TextInput
0x00000001aa5e7000 	/usr/lib/libMobileGestalt.dylib
0x00000001ae198000 	/System/Library/Frameworks/Carbon.framework/Versions/A/Frameworks/HIToolbox.framework/Versions/A/HIToolbox
0x00000001ac405000 	/System/Library/Frameworks/QuartzCore.framework/Versions/A/QuartzCore
0x00000001a75c2000 	/System/Library/Frameworks/Security.framework/Versions/A/Security
0x00000001b60b3000 	/System/Library/Frameworks/Carbon.framework/Versions/A/Frameworks/SpeechRecognition.framework/Versions/A/SpeechRecognition
0x00000001ac781000 	/System/Library/PrivateFrameworks/CoreUI.framework/Versions/A/CoreUI
0x00000001a6e9e000 	/System/Library/Frameworks/CoreAudio.framework/Versions/A/CoreAudio
0x00000001ac079000 	/System/Library/Frameworks/DiskArbitration.framework/Versions/A/DiskArbitration
0x00000001b1665000 	/System/Library/PrivateFrameworks/MultitouchSupport.framework/Versions/A/MultitouchSupport
0x00000001aa5e5000 	/usr/lib/libenergytrace.dylib
0x00000001a7f79000 	/System/Library/Frameworks/IOKit.framework/Versions/A/IOKit
0x00000001b64a2000 	/System/Library/Frameworks/CoreServices.framework/Versions/A/CoreServices
0x00000001ac9bc000 	/System/Library/PrivateFrameworks/PerformanceAnalysis.framework/Versions/A/PerformanceAnalysis
0x0000000206c3b000 	/System/Library/Frameworks/OpenGL.framework/Versions/A/OpenGL
0x00000001af5bf000 	/System/Library/PrivateFrameworks/MobileKeyBag.framework/Versions/A/MobileKeyBag
0x00000001ab05c000 	/System/Library/Frameworks/ColorSync.framework/Versions/A/ColorSync
0x00000001a5508000 	/System/Library/Frameworks/CoreFoundation.framework/Versions/A/CoreFoundation
0x00000001ae768000 	/System/Library/Frameworks/CoreImage.framework/Versions/A/CoreImage
0x00000001a6cc2000 	/System/Library/Frameworks/CoreText.framework/Versions/A/CoreText
0x00000001ae519000 	/System/Library/Frameworks/ImageIO.framework/Versions/A/ImageIO
0x00000001b002a000 	/System/Library/PrivateFrameworks/SoftLinking.framework/Versions/A/SoftLinking
0x00000001aca7a000 	/usr/lib/libxml2.2.dylib
0x00000001b02c3000 	/usr/lib/libcompression.dylib
0x00000001b1cc0000 	/System/Library/PrivateFrameworks/TextureIO.framework/Versions/A/TextureIO
0x00000001b09eb000 	/usr/lib/libate.dylib
0x00000001b08b0000 	/usr/lib/liblzma.5.dylib
0x00000001a60ff000 	/System/Library/Frameworks/SystemConfiguration.framework/Versions/A/SystemConfiguration
0x00000001b0026000 	/usr/lib/libfakelink.dylib
0x00000001aa117000 	/System/Library/Frameworks/CFNetwork.framework/Versions/A/CFNetwork
0x00000001b016c000 	/usr/lib/libarchive.2.dylib
0x00000001aeb48000 	/System/Library/PrivateFrameworks/AppleSystemInfo.framework/Versions/A/AppleSystemInfo
0x00000001af6d2000 	/usr/lib/libbsm.0.dylib
0x00000001a9684000 	/usr/lib/libnetwork.dylib
0x00000001affc0000 	/usr/lib/system/libkxld.dylib
0x00000001af2ec000 	/System/Library/PrivateFrameworks/IOMobileFramebuffer.framework/Versions/A/IOMobileFramebuffer
0x0000000225025000 	/usr/lib/libCoreEntitlements.dylib
0x00000001afcf6000 	/System/Library/PrivateFrameworks/AppleFSCompression.framework/Versions/A/AppleFSCompression
0x00000001af6ba000 	/usr/lib/libcoretls.dylib
0x00000001b08c9000 	/usr/lib/libcoretls_cfhelpers.dylib
0x00000001b02be000 	/usr/lib/libpam.2.dylib
0x00000001ab9b8000 	/usr/lib/libsqlite3.dylib
0x00000001b0932000 	/usr/lib/libxar.1.dylib
0x00000001afd07000 	/usr/lib/libbz2.1.0.dylib
0x00000001b002b000 	/usr/lib/libpcap.A.dylib
0x00000001abd99000 	/usr/lib/libdns_services.dylib
0x00000001b0291000 	/usr/lib/libapple_nghttp2.dylib
0x00000001b0068000 	/usr/lib/libiconv.2.dylib
0x00000001affb6000 	/usr/lib/libcharset.1.dylib
0x00000001ac9f8000 	/System/Library/Frameworks/CoreServices.framework/Versions/A/Frameworks/FSEvents.framework/Versions/A/FSEvents
0x00000001a7c02000 	/System/Library/Frameworks/CoreServices.framework/Versions/A/Frameworks/CarbonCore.framework/Versions/A/CarbonCore
0x00000001abfd9000 	/System/Library/Frameworks/CoreServices.framework/Versions/A/Frameworks/Metadata.framework/Versions/A/Metadata
0x00000001afd1a000 	/System/Library/Frameworks/CoreServices.framework/Versions/A/Frameworks/OSServices.framework/Versions/A/OSServices
0x00000001b01f2000 	/System/Library/Frameworks/CoreServices.framework/Versions/A/Frameworks/SearchKit.framework/Versions/A/SearchKit
0x00000001abd27000 	/System/Library/Frameworks/CoreServices.framework/Versions/A/Frameworks/AE.framework/Versions/A/AE
0x00000001a5a4f000 	/System/Library/Frameworks/CoreServices.framework/Versions/A/Frameworks/LaunchServices.framework/Versions/A/LaunchServices
0x00000001b0859000 	/System/Library/Frameworks/CoreServices.framework/Versions/A/Frameworks/DictionaryServices.framework/Versions/A/DictionaryServices
0x00000001aca05000 	/System/Library/Frameworks/CoreServices.framework/Versions/A/Frameworks/SharedFileList.framework/Versions/A/SharedFileList
0x00000001af6aa000 	/usr/lib/libCheckFix.dylib
0x00000001aa656000 	/System/Library/PrivateFrameworks/TCC.framework/Versions/A/TCC
0x00000001aeb4e000 	/System/Library/PrivateFrameworks/CoreNLP.framework/Versions/A/CoreNLP
0x00000001abf88000 	/System/Library/PrivateFrameworks/MetadataUtilities.framework/Versions/A/MetadataUtilities
0x00000001a61b9000 	/usr/lib/libmecabra.dylib
0x00000001af6e3000 	/usr/lib/libmecab.dylib
0x00000001a6185000 	/usr/lib/libCRFSuite.dylib
0x00000001af740000 	/usr/lib/libgermantok.dylib
0x00000001b026a000 	/usr/lib/libThaiTokenizer.dylib
0x00000001ac081000 	/System/Library/Frameworks/Accelerate.framework/Versions/A/Frameworks/vImage.framework/Versions/A/vImage
0x00000001b6479000 	/System/Library/Frameworks/Accelerate.framework/Versions/A/Frameworks/vecLib.framework/Versions/A/vecLib
0x00000001b0977000 	/System/Library/Frameworks/Accelerate.framework/Versions/A/Frameworks/vecLib.framework/Versions/A/libvMisc.dylib
0x00000001af1f3000 	/System/Library/Frameworks/Accelerate.framework/Versions/A/Frameworks/vecLib.framework/Versions/A/libvDSP.dylib
0x00000001a5dda000 	/System/Library/Frameworks/Accelerate.framework/Versions/A/Frameworks/vecLib.framework/Versions/A/libBLAS.dylib
0x00000001b0394000 	/System/Library/Frameworks/Accelerate.framework/Versions/A/Frameworks/vecLib.framework/Versions/A/libLAPACK.dylib
0x00000001af743000 	/System/Library/Frameworks/Accelerate.framework/Versions/A/Frameworks/vecLib.framework/Versions/A/libLinearAlgebra.dylib
0x00000001b02a9000 	/System/Library/Frameworks/Accelerate.framework/Versions/A/Frameworks/vecLib.framework/Versions/A/libSparseBLAS.dylib
0x00000001b038f000 	/System/Library/Frameworks/Accelerate.framework/Versions/A/Frameworks/vecLib.framework/Versions/A/libQuadrature.dylib
0x00000001aec47000 	/System/Library/Frameworks/Accelerate.framework/Versions/A/Frameworks/vecLib.framework/Versions/A/libBNNS.dylib
0x00000001a6098000 	/System/Library/Frameworks/Accelerate.framework/Versions/A/Frameworks/vecLib.framework/Versions/A/libSparse.dylib
0x00000001aec3f000 	/System/Library/PrivateFrameworks/LinguisticData.framework/Versions/A/LinguisticData
0x00000001a6050000 	/System/Library/PrivateFrameworks/Lexicon.framework/Versions/A/Lexicon
0x00000001b096f000 	/usr/lib/libChineseTokenizer.dylib
0x00000001a67fe000 	/System/Library/PrivateFrameworks/LanguageModeling.framework/Versions/A/LanguageModeling
0x00000001b026c000 	/System/Library/PrivateFrameworks/AppleSauce.framework/Versions/A/AppleSauce
0x00000001af2d9000 	/System/Library/PrivateFrameworks/CoreEmoji.framework/Versions/A/CoreEmoji
0x00000001b015a000 	/usr/lib/libcmph.dylib
0x00000001ac9d8000 	/System/Library/Frameworks/OpenDirectory.framework/Versions/A/Frameworks/CFOpenDirectory.framework/Versions/A/CFOpenDirectory
0x00000001ac9c8000 	/System/Library/Frameworks/OpenDirectory.framework/Versions/A/OpenDirectory
0x00000001b08cb000 	/System/Library/PrivateFrameworks/APFS.framework/Versions/A/APFS
0x00000001af5fa000 	/System/Library/Frameworks/SecurityFoundation.framework/Versions/A/SecurityFoundation
0x00000001b0941000 	/usr/lib/libutil.dylib
0x00000001a7f3b000 	/System/Library/PrivateFrameworks/CoreServicesStore.framework/Versions/A/CoreServicesStore
0x00000001b0945000 	/usr/lib/libxslt.1.dylib
0x00000001af68e000 	/System/Library/PrivateFrameworks/BackgroundTaskManagement.framework/Versions/A/BackgroundTaskManagement
0x00000001b1be1000 	/System/Library/Frameworks/ImageIO.framework/Versions/A/Resources/libRadiance.dylib
0x00000001b1bea000 	/System/Library/Frameworks/ImageIO.framework/Versions/A/Resources/libJPEG.dylib
0x00000001b1b3d000 	/System/Library/Frameworks/ImageIO.framework/Versions/A/Resources/libPng.dylib
0x00000001b1b5f000 	/System/Library/Frameworks/ImageIO.framework/Versions/A/Resources/libTIFF.dylib
0x00000001b1c45000 	/System/Library/Frameworks/ImageIO.framework/Versions/A/Resources/libGIF.dylib
0x00000001b1575000 	/System/Library/Frameworks/ImageIO.framework/Versions/A/Resources/libJP2.dylib
0x00000001b0c97000 	/usr/lib/libexpat.1.dylib
0x00000001b1530000 	/System/Library/PrivateFrameworks/AppleJPEG.framework/Versions/A/AppleJPEG
0x00000001ae054000 	/System/Library/PrivateFrameworks/FontServices.framework/libFontParser.dylib
0x00000001abccc000 	/System/Library/PrivateFrameworks/RunningBoardServices.framework/Versions/A/RunningBoardServices
0x00000001bc57e000 	/System/Library/PrivateFrameworks/IOSurfaceAccelerator.framework/Versions/A/IOSurfaceAccelerator
0x00000001b1661000 	/System/Library/PrivateFrameworks/WatchdogClient.framework/Versions/A/WatchdogClient
0x00000001a68fe000 	/System/Library/Frameworks/CoreDisplay.framework/Versions/A/CoreDisplay
0x00000001adf3e000 	/System/Library/Frameworks/CoreMedia.framework/Versions/A/CoreMedia
0x00000001addc9000 	/System/Library/PrivateFrameworks/IOAccelerator.framework/Versions/A/IOAccelerator
0x00000001acb68000 	/System/Library/Frameworks/CoreVideo.framework/Versions/A/CoreVideo
0x00000001b02bc000 	/System/Library/Frameworks/MetalPerformanceShaders.framework/Versions/A/MetalPerformanceShaders
0x00000001b16a0000 	/System/Library/Frameworks/VideoToolbox.framework/Versions/A/VideoToolbox
0x00000001abc10000 	/System/Library/PrivateFrameworks/BaseBoard.framework/Versions/A/BaseBoard
0x00000001ab99e000 	/System/Library/PrivateFrameworks/ProtocolBuffer.framework/Versions/A/ProtocolBuffer
0x00000001b1bdc000 	/System/Library/PrivateFrameworks/GPUWrangler.framework/Versions/A/GPUWrangler
0x00000001b1bbc000 	/System/Library/PrivateFrameworks/IOPresentment.framework/Versions/A/IOPresentment
0x00000001b1be4000 	/System/Library/PrivateFrameworks/DSExternalDisplay.framework/Versions/A/DSExternalDisplay
0x0000000206c2e000 	/System/Library/Frameworks/OpenGL.framework/Versions/A/Libraries/libCoreFSCache.dylib
0x0000000211af8000 	/System/Library/PrivateFrameworks/GPUCompiler.framework/Versions/31001/Libraries/libGPUCompilerUtils.dylib
0x00000001b1c4a000 	/System/Library/PrivateFrameworks/CMCaptureCore.framework/Versions/A/CMCaptureCore
0x00000001b1248000 	/System/Library/PrivateFrameworks/AppServerSupport.framework/Versions/A/AppServerSupport
0x00000001b34d0000 	/System/Library/PrivateFrameworks/perfdata.framework/Versions/A/perfdata
0x00000001a6a1e000 	/System/Library/PrivateFrameworks/AudioToolboxCore.framework/Versions/A/AudioToolboxCore
0x00000001adf17000 	/System/Library/PrivateFrameworks/caulk.framework/Versions/A/caulk
0x00000001b2dc5000 	/usr/lib/libAudioStatistics.dylib
0x00000001c4de3000 	/System/Library/PrivateFrameworks/SystemPolicy.framework/Versions/A/SystemPolicy
0x00000001b3031000 	/usr/lib/libSMC.dylib
0x00000001bbd85000 	/System/Library/Frameworks/CoreMIDI.framework/Versions/A/CoreMIDI
0x00000001b1b0b000 	/usr/lib/libAudioToolboxUtility.dylib
0x00000001c0f46000 	/System/Library/PrivateFrameworks/OSAServicesClient.framework/Versions/A/OSAServicesClient
0x00000001b34dd000 	/usr/lib/libperfcheck.dylib
0x00000001c5902000 	/usr/lib/libmis.dylib
0x0000000206c90000 	/System/Library/Frameworks/OpenGL.framework/Versions/A/Libraries/libGLU.dylib
0x0000000206c4f000 	/System/Library/Frameworks/OpenGL.framework/Versions/A/Libraries/libGFXShared.dylib
0x0000000206e3c000 	/System/Library/Frameworks/OpenGL.framework/Versions/A/Libraries/libGL.dylib
0x0000000206c58000 	/System/Library/Frameworks/OpenGL.framework/Versions/A/Libraries/libGLImage.dylib
0x0000000206c4c000 	/System/Library/Frameworks/OpenGL.framework/Versions/A/Libraries/libCVMSPluginSupport.dylib
0x0000000206c35000 	/System/Library/Frameworks/OpenGL.framework/Versions/A/Libraries/libCoreVMClient.dylib
0x00000001aeac8000 	/System/Library/Frameworks/MetalPerformanceShaders.framework/Versions/A/Frameworks/MPSCore.framework/Versions/A/MPSCore
0x00000001afc69000 	/System/Library/Frameworks/MetalPerformanceShaders.framework/Versions/A/Frameworks/MPSImage.framework/Versions/A/MPSImage
0x00000001af758000 	/System/Library/Frameworks/MetalPerformanceShaders.framework/Versions/A/Frameworks/MPSNeuralNetwork.framework/Versions/A/MPSNeuralNetwork
0x00000001afb91000 	/System/Library/Frameworks/MetalPerformanceShaders.framework/Versions/A/Frameworks/MPSMatrix.framework/Versions/A/MPSMatrix
0x00000001af96a000 	/System/Library/Frameworks/MetalPerformanceShaders.framework/Versions/A/Frameworks/MPSRayIntersector.framework/Versions/A/MPSRayIntersector
0x00000001afbc2000 	/System/Library/Frameworks/MetalPerformanceShaders.framework/Versions/A/Frameworks/MPSNDArray.framework/Versions/A/MPSNDArray
0x0000000209737000 	/System/Library/Frameworks/MetalPerformanceShaders.framework/Versions/A/Frameworks/MPSFunctions.framework/Versions/A/MPSFunctions
0x00000001a5cb0000 	/System/Library/PrivateFrameworks/MetalTools.framework/Versions/A/MetalTools
0x00000001aeb46000 	/System/Library/PrivateFrameworks/AggregateDictionary.framework/Versions/A/AggregateDictionary
0x00000001b0a7c000 	/usr/lib/libIOReport.dylib
0x00000001bad9e000 	/System/Library/PrivateFrameworks/ASEProcessing.framework/Versions/A/ASEProcessing
0x00000001b0df1000 	/System/Library/PrivateFrameworks/FaceCore.framework/Versions/A/FaceCore
0x00000001b0de3000 	/System/Library/PrivateFrameworks/GraphVisualizer.framework/Versions/A/GraphVisualizer
0x0000000211a0f000 	/System/Library/PrivateFrameworks/FontServices.framework/Versions/A/FontServices
0x00000001b1204000 	/System/Library/PrivateFrameworks/OTSVG.framework/Versions/A/OTSVG
0x00000001ac731000 	/System/Library/Frameworks/ApplicationServices.framework/Versions/A/Frameworks/ATS.framework/Versions/A/Resources/libFontRegistry.dylib
0x00000001b1251000 	/System/Library/PrivateFrameworks/FontServices.framework/libhvf.dylib
0x0000000211a10000 	/System/Library/PrivateFrameworks/FontServices.framework/libXTFontStaticRegistryData.dylib
0x0000000206fdd000 	/System/Library/Frameworks/OpenCL.framework/Versions/A/OpenCL
0x00000001b0c4b000 	/System/Library/PrivateFrameworks/AppleVA.framework/Versions/A/AppleVA
0x00000001b2ded000 	/System/Library/Frameworks/ApplicationServices.framework/Versions/A/Frameworks/ATS.framework/Versions/A/ATS
0x00000001ab15b000 	/System/Library/Frameworks/ApplicationServices.framework/Versions/A/Frameworks/HIServices.framework/Versions/A/HIServices
0x00000001b1c54000 	/System/Library/Frameworks/ApplicationServices.framework/Versions/A/Frameworks/PrintCore.framework/Versions/A/PrintCore
0x00000001b3184000 	/System/Library/Frameworks/ApplicationServices.framework/Versions/A/Frameworks/QD.framework/Versions/A/QD
0x00000001b317c000 	/System/Library/Frameworks/ApplicationServices.framework/Versions/A/Frameworks/ColorSyncLegacy.framework/Versions/A/ColorSyncLegacy
0x00000001b2dd9000 	/System/Library/Frameworks/ApplicationServices.framework/Versions/A/Frameworks/SpeechSynthesis.framework/Versions/A/SpeechSynthesis
0x00000001b1c15000 	/System/Library/Frameworks/ApplicationServices.framework/Versions/A/Frameworks/ATSUI.framework/Versions/A/ATSUI
0x00000001b3111000 	/usr/lib/libcups.2.dylib
0x00000001b34eb000 	/System/Library/Frameworks/Kerberos.framework/Versions/A/Kerberos
0x00000001b34fc000 	/System/Library/Frameworks/GSS.framework/Versions/A/GSS
0x00000001b2e5d000 	/usr/lib/libresolv.9.dylib
0x00000001b1260000 	/System/Library/PrivateFrameworks/Heimdal.framework/Versions/A/Heimdal
0x00000001b9fd4000 	/System/Library/Frameworks/Kerberos.framework/Versions/A/Libraries/libHeimdalProxy.dylib
0x00000001abdab000 	/System/Library/Frameworks/Network.framework/Versions/A/Network
0x00000001b0cb2000 	/usr/lib/libheimdal-asn1.dylib
0x00000001b354c000 	/System/Library/PrivateFrameworks/CommonAuth.framework/Versions/A/CommonAuth
0x00000001b2d53000 	/System/Library/PrivateFrameworks/AudioSession.framework/Versions/A/AudioSession
0x00000001b0d44000 	/System/Library/PrivateFrameworks/MediaExperience.framework/Versions/A/MediaExperience
0x00000001b2bd8000 	/System/Library/PrivateFrameworks/AudioSession.framework/libSessionUtility.dylib
0x00000001b3190000 	/System/Library/PrivateFrameworks/AudioResourceArbitration.framework/Versions/A/AudioResourceArbitration
0x00000001b7356000 	/System/Library/PrivateFrameworks/PowerLog.framework/Versions/A/PowerLog
0x00000001b0cbc000 	/System/Library/PrivateFrameworks/IconFoundation.framework/Versions/A/IconFoundation
0x00000001b609f000 	/System/Library/PrivateFrameworks/SpeechRecognitionCore.framework/Versions/A/SpeechRecognitionCore
0x0000000101e9c000 	/Users/madmax/Library/Java/JavaVirtualMachines/openjdk-18.0.2.1/Contents/Home/lib/server/libjvm.dylib
0x0000000100f44000 	/Users/madmax/Library/Java/JavaVirtualMachines/openjdk-18.0.2.1/Contents/Home/lib/libjimage.dylib
0x0000000100f70000 	/Users/madmax/Library/Java/JavaVirtualMachines/openjdk-18.0.2.1/Contents/Home/lib/libinstrument.dylib
0x0000000100fbc000 	/Users/madmax/Library/Java/JavaVirtualMachines/openjdk-18.0.2.1/Contents/Home/lib/libjava.dylib
0x0000000101b80000 	/Users/madmax/Library/Java/JavaVirtualMachines/openjdk-18.0.2.1/Contents/Home/lib/libnio.dylib
0x0000000101ba0000 	/Users/madmax/Library/Java/JavaVirtualMachines/openjdk-18.0.2.1/Contents/Home/lib/libnet.dylib
0x0000000100fa0000 	/Users/madmax/Library/Java/JavaVirtualMachines/openjdk-18.0.2.1/Contents/Home/lib/libzip.dylib
0x0000000101bc0000 	/Users/madmax/.openjfx/cache/18-ea/libprism_es2.dylib
0x00000001a7efe000 	/System/Library/PrivateFrameworks/CoreServicesInternal.framework/Versions/A/CoreServicesInternal
0x0000000206e46000 	/System/Library/Frameworks/OpenGL.framework/Versions/A/Resources/GLEngine.bundle/GLEngine
0x0000000206cce000 	/System/Library/Frameworks/OpenGL.framework/Versions/A/Libraries/libGLProgrammability.dylib
0x000000010c940000 	/System/Library/Extensions/AppleMetalOpenGLRenderer.bundle/Contents/MacOS/AppleMetalOpenGLRenderer
0x0000000206fb5000 	/System/Library/Frameworks/OpenGL.framework/Versions/A/Resources/GLRendererFloat.bundle/GLRendererFloat
0x00000002070b5000 	/System/Library/Extensions/AGXMetal13_3.bundle/Contents/MacOS/AGXMetal13_3
0x00000001c591e000 	/System/Library/PrivateFrameworks/GPURawCounter.framework/Versions/A/GPURawCounter
0x00000001c00af000 	/System/Library/PrivateFrameworks/IOGPU.framework/Versions/A/IOGPU
0x000000010c8d8000 	/Users/madmax/.openjfx/cache/18-ea/libglass.dylib
0x00000001b75ae000 	/System/Library/Frameworks/FileProvider.framework/Versions/A/FileProvider
0x00000001abb78000 	/System/Library/Frameworks/Accounts.framework/Versions/A/Accounts
0x00000001b7732000 	/System/Library/PrivateFrameworks/GenerationalStorage.framework/Versions/A/GenerationalStorage
0x00000001b82f5000 	/System/Library/PrivateFrameworks/CoreSymbolication.framework/Versions/A/CoreSymbolication
0x00000001b734a000 	/System/Library/PrivateFrameworks/SymptomDiagnosticReporter.framework/Versions/A/SymptomDiagnosticReporter
0x00000001a91ef000 	/System/Library/PrivateFrameworks/DesktopServicesPriv.framework/Versions/A/DesktopServicesPriv
0x00000001a8060000 	/usr/lib/libsandbox.1.dylib
0x00000001acbf6000 	/System/Library/PrivateFrameworks/UserManagement.framework/Versions/A/UserManagement
0x00000001b82b2000 	/System/Library/PrivateFrameworks/DebugSymbols.framework/Versions/A/DebugSymbols
0x00000001b316f000 	/System/Library/PrivateFrameworks/NetAuth.framework/Versions/A/NetAuth
0x00000001b4090000 	/System/Library/PrivateFrameworks/Sharing.framework/Versions/A/Sharing
0x00000001acbc6000 	/System/Library/PrivateFrameworks/login.framework/Versions/A/Frameworks/loginsupport.framework/Versions/A/loginsupport
0x00000001b94e9000 	/System/Library/PrivateFrameworks/Apple80211.framework/Versions/A/Apple80211
0x00000001afd4d000 	/System/Library/PrivateFrameworks/AuthKit.framework/Versions/A/AuthKit
0x00000001af3d5000 	/System/Library/PrivateFrameworks/CoreUtils.framework/Versions/A/CoreUtils
0x00000001af2f8000 	/System/Library/Frameworks/CoreWLAN.framework/Versions/A/CoreWLAN
0x00000001b4200000 	/System/Library/Frameworks/IOBluetooth.framework/Versions/A/IOBluetooth
0x00000001b9549000 	/System/Library/PrivateFrameworks/CoreWiFi.framework/Versions/A/CoreWiFi
0x00000001b7e92000 	/System/Library/PrivateFrameworks/FrontBoardServices.framework/Versions/A/FrontBoardServices
0x00000001b7f2a000 	/System/Library/PrivateFrameworks/BoardServices.framework/Versions/A/BoardServices
0x00000001af5e8000 	/System/Library/PrivateFrameworks/AssertionServices.framework/Versions/A/AssertionServices
0x00000001b96c6000 	/System/Library/PrivateFrameworks/BackBoardServices.framework/Versions/A/BackBoardServices
0x00000001b35e3000 	/System/Library/PrivateFrameworks/CorePhoneNumbers.framework/Versions/A/CorePhoneNumbers
0x00000001b2e8a000 	/System/Library/PrivateFrameworks/MultiverseSupport.framework/Versions/A/MultiverseSupport
0x00000001b9947000 	/System/Library/PrivateFrameworks/RemoteServiceDiscovery.framework/Versions/A/RemoteServiceDiscovery
0x00000001b747a000 	/System/Library/PrivateFrameworks/DiskManagement.framework/Versions/A/DiskManagement
0x00000001b737d000 	/System/Library/PrivateFrameworks/AppleIDAuthSupport.framework/Versions/A/AppleIDAuthSupport
0x000000020bf74000 	/System/Library/PrivateFrameworks/AAAFoundation.framework/Versions/A/AAAFoundation
0x00000001b35c2000 	/System/Library/PrivateFrameworks/KeychainCircle.framework/Versions/A/KeychainCircle
0x00000001b9957000 	/System/Library/PrivateFrameworks/RemoteXPC.framework/Versions/A/RemoteXPC
0x00000001b7446000 	/System/Library/PrivateFrameworks/MediaKit.framework/Versions/A/MediaKit
0x00000001b738a000 	/System/Library/Frameworks/DiscRecording.framework/Versions/A/DiscRecording
0x00000001b0bc7000 	/usr/lib/libCoreStorage.dylib
0x00000001b99c3000 	/usr/lib/libcsfde.dylib
0x00000001b42d5000 	/System/Library/PrivateFrameworks/ProtectedCloudStorage.framework/Versions/A/ProtectedCloudStorage
0x00000001b99bb000 	/System/Library/PrivateFrameworks/EFILogin.framework/Versions/A/EFILogin
0x00000001b7759000 	/System/Library/PrivateFrameworks/OctagonTrust.framework/Versions/A/OctagonTrust
0x0000000210b96000 	/System/Library/PrivateFrameworks/CoreUtilsExtras.framework/Versions/A/CoreUtilsExtras
0x00000001b72af000 	/System/Library/Frameworks/CoreBluetooth.framework/Versions/A/CoreBluetooth
0x00000001ba059000 	/System/Library/Frameworks/AudioUnit.framework/Versions/A/AudioUnit
0x00000001b0bbf000 	/usr/lib/libMatch.1.dylib
0x00000001c9e06000 	/System/Library/Frameworks/Accelerate.framework/Versions/A/Frameworks/vImage.framework/Versions/A/Libraries/libCGInterfaces.dylib
0x000000010cdc4000 	/usr/lib/libobjc-trampolines.dylib
0x00000001ac8c0000 	/System/Library/PrivateFrameworks/ViewBridge.framework/Versions/A/ViewBridge
0x000000011ffc0000 	/Users/madmax/.openjfx/cache/18-ea/libjavafx_font.dylib
0x00000001b1323000 	/System/Library/PrivateFrameworks/login.framework/Versions/A/login


VM Arguments:
jvm_args: -javaagent:/Applications/IntelliJ IDEA.app/Contents/lib/idea_rt.jar=56123:/Applications/IntelliJ IDEA.app/Contents/bin -Dfile.encoding=UTF-8 --module-path=/Users/madmax/.m2/repository/org/openjfx/javafx-base/18-ea+4/javafx-base-18-ea+4-mac-aarch64.jar:/Users/madmax/Documents/SpaceOrbit/target/classes:/Users/madmax/.m2/repository/org/openjfx/javafx-fxml/18-ea+4/javafx-fxml-18-ea+4-mac-aarch64.jar:/Users/madmax/.m2/repository/org/openjfx/javafx-controls/18-ea+4/javafx-controls-18-ea+4-mac-aarch64.jar:/Users/madmax/.m2/repository/org/openjfx/javafx-graphics/18-ea+4/javafx-graphics-18-ea+4-mac-aarch64.jar -Djdk.module.main=com.grupp7.spaceorbit 
java_command: com.grupp7.spaceorbit/com.grupp7.spaceorbit.HelloApplication
java_class_path (initial): /Users/madmax/.m2/repository/org/openjfx/javafx-controls/18-ea+4/javafx-controls-18-ea+4.jar:/Users/madmax/.m2/repository/org/openjfx/javafx-fxml/18-ea+4/javafx-fxml-18-ea+4.jar:/Users/madmax/.m2/repository/org/openjfx/javafx-graphics/18-ea+4/javafx-graphics-18-ea+4.jar:/Users/madmax/.m2/repository/org/openjfx/javafx-base/18-ea+4/javafx-base-18-ea+4.jar
Launcher Type: SUN_STANDARD

[Global flags]
     intx CICompilerCount                          = 4                                         {product} {ergonomic}
     uint ConcGCThreads                            = 2                                         {product} {ergonomic}
     uint G1ConcRefinementThreads                  = 8                                         {product} {ergonomic}
   size_t G1HeapRegionSize                         = 2097152                                   {product} {ergonomic}
    uintx GCDrainStackTargetSize                   = 64                                        {product} {ergonomic}
   size_t InitialHeapSize                          = 268435456                                 {product} {ergonomic}
   size_t MarkStackSize                            = 4194304                                   {product} {ergonomic}
   size_t MaxHeapSize                              = 4294967296                                {product} {ergonomic}
   size_t MaxNewSize                               = 2575302656                                {product} {ergonomic}
   size_t MinHeapDeltaBytes                        = 2097152                                   {product} {ergonomic}
   size_t MinHeapSize                              = 8388608                                   {product} {ergonomic}
    uintx NonNMethodCodeHeapSize                   = 5839564                                {pd product} {ergonomic}
    uintx NonProfiledCodeHeapSize                  = 122909338                              {pd product} {ergonomic}
    uintx ProfiledCodeHeapSize                     = 122909338                              {pd product} {ergonomic}
    uintx ReservedCodeCacheSize                    = 251658240                              {pd product} {ergonomic}
     bool SegmentedCodeCache                       = true                                      {product} {ergonomic}
   size_t SoftMaxHeapSize                          = 4294967296                             {manageable} {ergonomic}
     bool UseCompressedClassPointers               = true                           {product lp64_product} {ergonomic}
     bool UseCompressedOops                        = true                           {product lp64_product} {ergonomic}
     bool UseG1GC                                  = true                                      {product} {ergonomic}
     bool UseNUMA                                  = false                                     {product} {ergonomic}
     bool UseNUMAInterleaving                      = false                                     {product} {ergonomic}

Logging:
Log output configuration:
 #0: stdout all=warning uptime,level,tags foldmultilines=false
 #1: stderr all=off uptime,level,tags foldmultilines=false

Environment Variables:
PATH=/Library/Frameworks/Python.framework/Versions/3.9/bin:/opt/homebrew/bin:/opt/homebrew/sbin:/usr/local/bin:/usr/bin:/bin:/usr/sbin:/sbin:/Library/Apple/usr/bin
SHELL=/bin/zsh
LC_CTYPE=en_SE.UTF-8

Signal Handlers:
   SIGSEGV: _ZL13crash_handleriP9__siginfoPv in libjvm.dylib, mask=11100110000111110111111111111111, flags=SA_RESTART|SA_SIGINFO
    SIGBUS: _ZL13crash_handleriP9__siginfoPv in libjvm.dylib, mask=11100110000111110111111111111111, flags=SA_RESTART|SA_SIGINFO
    SIGFPE: _ZL13crash_handleriP9__siginfoPv in libjvm.dylib, mask=11100110000111110111111111111111, flags=SA_RESTART|SA_SIGINFO
   SIGPIPE: _ZL17javaSignalHandleriP9__siginfoPv in libjvm.dylib, mask=11100110000111110111111111111111, flags=SA_RESTART|SA_SIGINFO
   SIGXFSZ: _ZL17javaSignalHandleriP9__siginfoPv in libjvm.dylib, mask=11100110000111110111111111111111, flags=SA_RESTART|SA_SIGINFO
    SIGILL: _ZL13crash_handleriP9__siginfoPv in libjvm.dylib, mask=11100110000111110111111111111111, flags=SA_RESTART|SA_SIGINFO
   SIGUSR2: _ZL10SR_handleriP9__siginfoP17__darwin_ucontext in libjvm.dylib, mask=00100000000000000000000000000000, flags=SA_RESTART|SA_SIGINFO
    SIGHUP: _ZL11UserHandleriPvS_ in libjvm.dylib, mask=11100110000111110111111111111111, flags=SA_RESTART|SA_SIGINFO
    SIGINT: _ZL11UserHandleriPvS_ in libjvm.dylib, mask=11100110000111110111111111111111, flags=SA_RESTART|SA_SIGINFO
   SIGTERM: _ZL11UserHandleriPvS_ in libjvm.dylib, mask=11100110000111110111111111111111, flags=SA_RESTART|SA_SIGINFO
   SIGQUIT: _ZL11UserHandleriPvS_ in libjvm.dylib, mask=11100110000111110111111111111111, flags=SA_RESTART|SA_SIGINFO
   SIGTRAP: _ZL13crash_handleriP9__siginfoPv in libjvm.dylib, mask=11100110000111110111111111111111, flags=SA_RESTART|SA_SIGINFO


---------------  S Y S T E M  ---------------

OS:
uname: Darwin 21.6.0 Darwin Kernel Version 21.6.0: Wed Aug 10 14:28:35 PDT 2022; root:xnu-8020.141.5~2/RELEASE_ARM64_T8101 arm64
OS uptime: 8 days 2:32 hours
rlimit (soft/hard): STACK 8176k/65520k , CORE 0k/infinity , NPROC 2666/4000 , NOFILE 10240/infinity , AS infinity/infinity , CPU infinity/infinity , DATA infinity/infinity , FSIZE infinity/infinity , MEMLOCK infinity/infinity , RSS infinity/infinity
load average: 1.74 1.98 2.10

CPU: total 8 (initial active 8) 0x61:0x0:0x1b588bb3:0, fp, simd, aes, pmull, crc, lse

Memory: 16k page, physical 16777216k(74688k free), swap 2097152k(1388160k free)

vm_info: OpenJDK 64-Bit Server VM (18.0.2.1+1-1) for bsd-aarch64 JRE (18.0.2.1+1-1), built on Aug 16 2022 00:48:16 by "mach5one" with clang Apple LLVM 12.0.0 (clang-1200.0.32.29)

END.
